{"/Users/andreapanzeri/progetti/IT-ERA/api/index.js": {"path":"/Users/andreapanzeri/progetti/IT-ERA/api/index.js","statementMap":{"0":{"start":{"line":6,"column":16},"end":{"line":6,"column":34}},"1":{"start":{"line":7,"column":13},"end":{"line":7,"column":28}},"2":{"start":{"line":8,"column":11},"end":{"line":8,"column":24}},"3":{"start":{"line":9,"column":15},"end":{"line":9,"column":32}},"4":{"start":{"line":10,"column":20},"end":{"line":10,"column":42}},"5":{"start":{"line":11,"column":18},"end":{"line":11,"column":47}},"6":{"start":{"line":12,"column":55},"end":{"line":12,"column":83}},"7":{"start":{"line":13,"column":59},"end":{"line":13,"column":90}},"8":{"start":{"line":14,"column":31},"end":{"line":14,"column":61}},"9":{"start":{"line":17,"column":12},"end":{"line":17,"column":21}},"10":{"start":{"line":20,"column":17},"end":{"line":20,"column":53}},"11":{"start":{"line":23,"column":0},"end":{"line":23,"column":23}},"12":{"start":{"line":24,"column":0},"end":{"line":44,"column":4}},"13":{"start":{"line":47,"column":16},"end":{"line":51,"column":2}},"14":{"start":{"line":52,"column":0},"end":{"line":52,"column":17}},"15":{"start":{"line":55,"column":0},"end":{"line":55,"column":41}},"16":{"start":{"line":56,"column":0},"end":{"line":56,"column":63}},"17":{"start":{"line":59,"column":0},"end":{"line":59,"column":30}},"18":{"start":{"line":60,"column":0},"end":{"line":60,"column":51}},"19":{"start":{"line":63,"column":0},"end":{"line":66,"column":4}},"20":{"start":{"line":69,"column":17},"end":{"line":69,"column":19}},"21":{"start":{"line":70,"column":0},"end":{"line":91,"column":1}},"22":{"start":{"line":71,"column":27},"end":{"line":71,"column":75}},"23":{"start":{"line":72,"column":4},"end":{"line":88,"column":5}},"24":{"start":{"line":73,"column":24},"end":{"line":73,"column":75}},"25":{"start":{"line":76,"column":8},"end":{"line":83,"column":9}},"26":{"start":{"line":77,"column":12},"end":{"line":79,"column":15}},"27":{"start":{"line":78,"column":16},"end":{"line":78,"column":45}},"28":{"start":{"line":82,"column":12},"end":{"line":82,"column":33}},"29":{"start":{"line":85,"column":8},"end":{"line":85,"column":100}},"30":{"start":{"line":87,"column":8},"end":{"line":87,"column":54}},"31":{"start":{"line":90,"column":4},"end":{"line":90,"column":65}},"32":{"start":{"line":96,"column":0},"end":{"line":112,"column":3}},"33":{"start":{"line":97,"column":4},"end":{"line":111,"column":5}},"34":{"start":{"line":98,"column":32},"end":{"line":98,"column":60}},"35":{"start":{"line":99,"column":8},"end":{"line":107,"column":11}},"36":{"start":{"line":109,"column":8},"end":{"line":109,"column":58}},"37":{"start":{"line":110,"column":8},"end":{"line":110,"column":54}},"38":{"start":{"line":115,"column":0},"end":{"line":131,"column":3}},"39":{"start":{"line":116,"column":4},"end":{"line":130,"column":5}},"40":{"start":{"line":117,"column":32},"end":{"line":117,"column":60}},"41":{"start":{"line":118,"column":8},"end":{"line":126,"column":11}},"42":{"start":{"line":128,"column":8},"end":{"line":128,"column":63}},"43":{"start":{"line":129,"column":8},"end":{"line":129,"column":54}},"44":{"start":{"line":134,"column":0},"end":{"line":150,"column":3}},"45":{"start":{"line":135,"column":4},"end":{"line":149,"column":5}},"46":{"start":{"line":136,"column":32},"end":{"line":136,"column":60}},"47":{"start":{"line":137,"column":8},"end":{"line":145,"column":11}},"48":{"start":{"line":147,"column":8},"end":{"line":147,"column":62}},"49":{"start":{"line":148,"column":8},"end":{"line":148,"column":54}},"50":{"start":{"line":153,"column":0},"end":{"line":193,"column":3}},"51":{"start":{"line":154,"column":17},"end":{"line":154,"column":32}},"52":{"start":{"line":155,"column":21},"end":{"line":155,"column":37}},"53":{"start":{"line":157,"column":4},"end":{"line":163,"column":5}},"54":{"start":{"line":158,"column":8},"end":{"line":162,"column":11}},"55":{"start":{"line":165,"column":4},"end":{"line":192,"column":5}},"56":{"start":{"line":166,"column":8},"end":{"line":188,"column":11}},"57":{"start":{"line":190,"column":8},"end":{"line":190,"column":71}},"58":{"start":{"line":191,"column":8},"end":{"line":191,"column":54}},"59":{"start":{"line":196,"column":0},"end":{"line":231,"column":3}},"60":{"start":{"line":197,"column":20},"end":{"line":197,"column":38}},"61":{"start":{"line":198,"column":17},"end":{"line":198,"column":32}},"62":{"start":{"line":199,"column":21},"end":{"line":199,"column":37}},"63":{"start":{"line":202,"column":26},"end":{"line":205,"column":5}},"64":{"start":{"line":207,"column":4},"end":{"line":213,"column":5}},"65":{"start":{"line":208,"column":8},"end":{"line":212,"column":11}},"66":{"start":{"line":215,"column":4},"end":{"line":230,"column":5}},"67":{"start":{"line":216,"column":8},"end":{"line":226,"column":11}},"68":{"start":{"line":228,"column":8},"end":{"line":228,"column":90}},"69":{"start":{"line":229,"column":8},"end":{"line":229,"column":54}},"70":{"start":{"line":234,"column":0},"end":{"line":243,"column":3}},"71":{"start":{"line":235,"column":4},"end":{"line":242,"column":7}},"72":{"start":{"line":246,"column":25},"end":{"line":246,"column":49}},"73":{"start":{"line":247,"column":0},"end":{"line":247,"column":46}},"74":{"start":{"line":250,"column":0},"end":{"line":252,"column":3}},"75":{"start":{"line":251,"column":4},"end":{"line":251,"column":25}},"76":{"start":{"line":254,"column":0},"end":{"line":263,"column":3}},"77":{"start":{"line":255,"column":17},"end":{"line":255,"column":32}},"78":{"start":{"line":256,"column":21},"end":{"line":256,"column":37}},"79":{"start":{"line":258,"column":4},"end":{"line":260,"column":5}},"80":{"start":{"line":259,"column":8},"end":{"line":259,"column":65}},"81":{"start":{"line":262,"column":4},"end":{"line":262,"column":23}},"82":{"start":{"line":266,"column":0},"end":{"line":290,"column":3}},"83":{"start":{"line":267,"column":4},"end":{"line":289,"column":5}},"84":{"start":{"line":268,"column":33},"end":{"line":268,"column":62}},"85":{"start":{"line":271,"column":35},"end":{"line":283,"column":9}},"86":{"start":{"line":277,"column":67},"end":{"line":282,"column":13}},"87":{"start":{"line":285,"column":8},"end":{"line":285,"column":37}},"88":{"start":{"line":287,"column":8},"end":{"line":287,"column":62}},"89":{"start":{"line":288,"column":8},"end":{"line":288,"column":78}},"90":{"start":{"line":293,"column":0},"end":{"line":317,"column":3}},"91":{"start":{"line":294,"column":4},"end":{"line":316,"column":5}},"92":{"start":{"line":295,"column":45},"end":{"line":295,"column":53}},"93":{"start":{"line":298,"column":23},"end":{"line":304,"column":10}},"94":{"start":{"line":307,"column":8},"end":{"line":307,"column":83}},"95":{"start":{"line":309,"column":8},"end":{"line":312,"column":11}},"96":{"start":{"line":314,"column":8},"end":{"line":314,"column":59}},"97":{"start":{"line":315,"column":8},"end":{"line":315,"column":70}},"98":{"start":{"line":320,"column":0},"end":{"line":357,"column":3}},"99":{"start":{"line":321,"column":4},"end":{"line":321,"column":40}},"100":{"start":{"line":323,"column":20},"end":{"line":323,"column":39}},"101":{"start":{"line":325,"column":18},"end":{"line":341,"column":11}},"102":{"start":{"line":344,"column":4},"end":{"line":351,"column":7}},"103":{"start":{"line":345,"column":8},"end":{"line":350,"column":12}},"104":{"start":{"line":353,"column":4},"end":{"line":354,"column":11}},"105":{"start":{"line":356,"column":4},"end":{"line":356,"column":22}},"106":{"start":{"line":360,"column":0},"end":{"line":366,"column":3}},"107":{"start":{"line":361,"column":4},"end":{"line":365,"column":7}},"108":{"start":{"line":369,"column":0},"end":{"line":377,"column":3}},"109":{"start":{"line":370,"column":4},"end":{"line":370,"column":47}},"110":{"start":{"line":371,"column":4},"end":{"line":376,"column":7}},"111":{"start":{"line":380,"column":0},"end":{"line":380,"column":21}}},"fnMap":{"0":{"name":"(anonymous_0)","decl":{"start":{"line":77,"column":57},"end":{"line":77,"column":58}},"loc":{"start":{"line":77,"column":65},"end":{"line":79,"column":13}},"line":77},"1":{"name":"(anonymous_1)","decl":{"start":{"line":96,"column":13},"end":{"line":96,"column":14}},"loc":{"start":{"line":96,"column":27},"end":{"line":112,"column":1}},"line":96},"2":{"name":"(anonymous_2)","decl":{"start":{"line":115,"column":20},"end":{"line":115,"column":21}},"loc":{"start":{"line":115,"column":34},"end":{"line":131,"column":1}},"line":115},"3":{"name":"(anonymous_3)","decl":{"start":{"line":134,"column":21},"end":{"line":134,"column":22}},"loc":{"start":{"line":134,"column":35},"end":{"line":150,"column":1}},"line":134},"4":{"name":"(anonymous_4)","decl":{"start":{"line":153,"column":32},"end":{"line":153,"column":33}},"loc":{"start":{"line":153,"column":46},"end":{"line":193,"column":1}},"line":153},"5":{"name":"(anonymous_5)","decl":{"start":{"line":196,"column":27},"end":{"line":196,"column":28}},"loc":{"start":{"line":196,"column":41},"end":{"line":231,"column":1}},"line":196},"6":{"name":"(anonymous_6)","decl":{"start":{"line":234,"column":19},"end":{"line":234,"column":20}},"loc":{"start":{"line":234,"column":33},"end":{"line":243,"column":1}},"line":234},"7":{"name":"(anonymous_7)","decl":{"start":{"line":250,"column":23},"end":{"line":250,"column":24}},"loc":{"start":{"line":250,"column":37},"end":{"line":252,"column":1}},"line":250},"8":{"name":"(anonymous_8)","decl":{"start":{"line":254,"column":29},"end":{"line":254,"column":30}},"loc":{"start":{"line":254,"column":43},"end":{"line":263,"column":1}},"line":254},"9":{"name":"(anonymous_9)","decl":{"start":{"line":266,"column":28},"end":{"line":266,"column":29}},"loc":{"start":{"line":266,"column":42},"end":{"line":290,"column":1}},"line":266},"10":{"name":"(anonymous_10)","decl":{"start":{"line":277,"column":54},"end":{"line":277,"column":55}},"loc":{"start":{"line":277,"column":67},"end":{"line":282,"column":13}},"line":277},"11":{"name":"(anonymous_11)","decl":{"start":{"line":293,"column":28},"end":{"line":293,"column":29}},"loc":{"start":{"line":293,"column":42},"end":{"line":317,"column":1}},"line":293},"12":{"name":"(anonymous_12)","decl":{"start":{"line":320,"column":24},"end":{"line":320,"column":25}},"loc":{"start":{"line":320,"column":38},"end":{"line":357,"column":1}},"line":320},"13":{"name":"(anonymous_13)","decl":{"start":{"line":344,"column":36},"end":{"line":344,"column":37}},"loc":{"start":{"line":344,"column":48},"end":{"line":351,"column":5}},"line":344},"14":{"name":"(anonymous_14)","decl":{"start":{"line":360,"column":8},"end":{"line":360,"column":9}},"loc":{"start":{"line":360,"column":22},"end":{"line":366,"column":1}},"line":360},"15":{"name":"(anonymous_15)","decl":{"start":{"line":369,"column":8},"end":{"line":369,"column":9}},"loc":{"start":{"line":369,"column":35},"end":{"line":377,"column":1}},"line":369}},"branchMap":{"0":{"loc":{"start":{"line":20,"column":17},"end":{"line":20,"column":53}},"type":"binary-expr","locations":[{"start":{"line":20,"column":17},"end":{"line":20,"column":37}},{"start":{"line":20,"column":41},"end":{"line":20,"column":53}}],"line":20},"1":{"loc":{"start":{"line":72,"column":4},"end":{"line":88,"column":5}},"type":"if","locations":[{"start":{"line":72,"column":4},"end":{"line":88,"column":5}},{"start":{"line":86,"column":11},"end":{"line":88,"column":5}}],"line":72},"2":{"loc":{"start":{"line":76,"column":8},"end":{"line":83,"column":9}},"type":"if","locations":[{"start":{"line":76,"column":8},"end":{"line":83,"column":9}},{"start":{"line":80,"column":15},"end":{"line":83,"column":9}}],"line":76},"3":{"loc":{"start":{"line":76,"column":12},"end":{"line":76,"column":75}},"type":"binary-expr","locations":[{"start":{"line":76,"column":12},"end":{"line":76,"column":35}},{"start":{"line":76,"column":39},"end":{"line":76,"column":75}}],"line":76},"4":{"loc":{"start":{"line":157,"column":4},"end":{"line":163,"column":5}},"type":"if","locations":[{"start":{"line":157,"column":4},"end":{"line":163,"column":5}},{"start":{},"end":{}}],"line":157},"5":{"loc":{"start":{"line":207,"column":4},"end":{"line":213,"column":5}},"type":"if","locations":[{"start":{"line":207,"column":4},"end":{"line":213,"column":5}},{"start":{},"end":{}}],"line":207},"6":{"loc":{"start":{"line":207,"column":8},"end":{"line":207,"column":53}},"type":"binary-expr","locations":[{"start":{"line":207,"column":8},"end":{"line":207,"column":40}},{"start":{"line":207,"column":44},"end":{"line":207,"column":53}}],"line":207},"7":{"loc":{"start":{"line":258,"column":4},"end":{"line":260,"column":5}},"type":"if","locations":[{"start":{"line":258,"column":4},"end":{"line":260,"column":5}},{"start":{},"end":{}}],"line":258},"8":{"loc":{"start":{"line":374,"column":15},"end":{"line":374,"column":54}},"type":"cond-expr","locations":[{"start":{"line":374,"column":44},"end":{"line":374,"column":49}},{"start":{"line":374,"column":52},"end":{"line":374,"column":54}}],"line":374}},"s":{"0":0,"1":0,"2":0,"3":0,"4":0,"5":0,"6":0,"7":0,"8":0,"9":0,"10":0,"11":0,"12":0,"13":0,"14":0,"15":0,"16":0,"17":0,"18":0,"19":0,"20":0,"21":0,"22":0,"23":0,"24":0,"25":0,"26":0,"27":0,"28":0,"29":0,"30":0,"31":0,"32":0,"33":0,"34":0,"35":0,"36":0,"37":0,"38":0,"39":0,"40":0,"41":0,"42":0,"43":0,"44":0,"45":0,"46":0,"47":0,"48":0,"49":0,"50":0,"51":0,"52":0,"53":0,"54":0,"55":0,"56":0,"57":0,"58":0,"59":0,"60":0,"61":0,"62":0,"63":0,"64":0,"65":0,"66":0,"67":0,"68":0,"69":0,"70":0,"71":0,"72":0,"73":0,"74":0,"75":0,"76":0,"77":0,"78":0,"79":0,"80":0,"81":0,"82":0,"83":0,"84":0,"85":0,"86":0,"87":0,"88":0,"89":0,"90":0,"91":0,"92":0,"93":0,"94":0,"95":0,"96":0,"97":0,"98":0,"99":0,"100":0,"101":0,"102":0,"103":0,"104":0,"105":0,"106":0,"107":0,"108":0,"109":0,"110":0,"111":0},"f":{"0":0,"1":0,"2":0,"3":0,"4":0,"5":0,"6":0,"7":0,"8":0,"9":0,"10":0,"11":0,"12":0,"13":0,"14":0,"15":0},"b":{"0":[0,0],"1":[0,0],"2":[0,0],"3":[0,0],"4":[0,0],"5":[0,0],"6":[0,0],"7":[0,0],"8":[0,0]}}
,"/Users/andreapanzeri/progetti/IT-ERA/api/claude-flow/index.js": {"path":"/Users/andreapanzeri/progetti/IT-ERA/api/claude-flow/index.js","statementMap":{"0":{"start":{"line":6,"column":16},"end":{"line":6,"column":34}},"1":{"start":{"line":7,"column":49},"end":{"line":7,"column":77}},"2":{"start":{"line":8,"column":18},"end":{"line":8,"column":47}},"3":{"start":{"line":9,"column":25},"end":{"line":9,"column":74}},"4":{"start":{"line":11,"column":15},"end":{"line":11,"column":31}},"5":{"start":{"line":14,"column":23},"end":{"line":14,"column":27}},"6":{"start":{"line":16,"column":25},"end":{"line":24,"column":1}},"7":{"start":{"line":17,"column":4},"end":{"line":22,"column":5}},"8":{"start":{"line":18,"column":8},"end":{"line":20,"column":11}},"9":{"start":{"line":21,"column":8},"end":{"line":21,"column":44}},"10":{"start":{"line":23,"column":4},"end":{"line":23,"column":28}},"11":{"start":{"line":27,"column":19},"end":{"line":31,"column":2}},"12":{"start":{"line":33,"column":24},"end":{"line":37,"column":2}},"13":{"start":{"line":39,"column":0},"end":{"line":39,"column":23}},"14":{"start":{"line":42,"column":31},"end":{"line":52,"column":1}},"15":{"start":{"line":43,"column":19},"end":{"line":43,"column":40}},"16":{"start":{"line":44,"column":4},"end":{"line":50,"column":5}},"17":{"start":{"line":45,"column":8},"end":{"line":49,"column":11}},"18":{"start":{"line":51,"column":4},"end":{"line":51,"column":11}},"19":{"start":{"line":55,"column":0},"end":{"line":73,"column":3}},"20":{"start":{"line":56,"column":4},"end":{"line":72,"column":5}},"21":{"start":{"line":57,"column":23},"end":{"line":57,"column":47}},"22":{"start":{"line":58,"column":23},"end":{"line":58,"column":41}},"23":{"start":{"line":60,"column":8},"end":{"line":65,"column":11}},"24":{"start":{"line":67,"column":8},"end":{"line":71,"column":11}},"25":{"start":{"line":78,"column":0},"end":{"line":104,"column":3}},"26":{"start":{"line":83,"column":4},"end":{"line":103,"column":5}},"27":{"start":{"line":84,"column":23},"end":{"line":84,"column":47}},"28":{"start":{"line":85,"column":48},"end":{"line":85,"column":56}},"29":{"start":{"line":87,"column":24},"end":{"line":91,"column":10}},"30":{"start":{"line":93,"column":8},"end":{"line":96,"column":11}},"31":{"start":{"line":98,"column":8},"end":{"line":102,"column":11}},"32":{"start":{"line":107,"column":0},"end":{"line":134,"column":3}},"33":{"start":{"line":110,"column":4},"end":{"line":133,"column":5}},"34":{"start":{"line":111,"column":23},"end":{"line":111,"column":47}},"35":{"start":{"line":112,"column":30},"end":{"line":112,"column":40}},"36":{"start":{"line":114,"column":24},"end":{"line":114,"column":58}},"37":{"start":{"line":116,"column":8},"end":{"line":121,"column":9}},"38":{"start":{"line":117,"column":12},"end":{"line":120,"column":15}},"39":{"start":{"line":123,"column":8},"end":{"line":126,"column":11}},"40":{"start":{"line":128,"column":8},"end":{"line":132,"column":11}},"41":{"start":{"line":137,"column":0},"end":{"line":160,"column":3}},"42":{"start":{"line":138,"column":4},"end":{"line":159,"column":5}},"43":{"start":{"line":139,"column":23},"end":{"line":139,"column":47}},"44":{"start":{"line":140,"column":25},"end":{"line":140,"column":60}},"45":{"start":{"line":142,"column":8},"end":{"line":152,"column":11}},"46":{"start":{"line":144,"column":47},"end":{"line":151,"column":13}},"47":{"start":{"line":154,"column":8},"end":{"line":158,"column":11}},"48":{"start":{"line":163,"column":0},"end":{"line":183,"column":3}},"49":{"start":{"line":166,"column":4},"end":{"line":182,"column":5}},"50":{"start":{"line":167,"column":23},"end":{"line":167,"column":47}},"51":{"start":{"line":168,"column":30},"end":{"line":168,"column":40}},"52":{"start":{"line":170,"column":24},"end":{"line":170,"column":58}},"53":{"start":{"line":172,"column":8},"end":{"line":175,"column":11}},"54":{"start":{"line":177,"column":8},"end":{"line":181,"column":11}},"55":{"start":{"line":188,"column":0},"end":{"line":229,"column":3}},"56":{"start":{"line":193,"column":4},"end":{"line":228,"column":5}},"57":{"start":{"line":194,"column":23},"end":{"line":194,"column":47}},"58":{"start":{"line":195,"column":58},"end":{"line":195,"column":66}},"59":{"start":{"line":198,"column":30},"end":{"line":198,"column":39}},"60":{"start":{"line":199,"column":8},"end":{"line":205,"column":9}},"61":{"start":{"line":200,"column":28},"end":{"line":203,"column":14}},"62":{"start":{"line":204,"column":12},"end":{"line":204,"column":41}},"63":{"start":{"line":207,"column":25},"end":{"line":210,"column":10}},"64":{"start":{"line":212,"column":8},"end":{"line":221,"column":11}},"65":{"start":{"line":223,"column":8},"end":{"line":227,"column":11}},"66":{"start":{"line":232,"column":0},"end":{"line":259,"column":3}},"67":{"start":{"line":235,"column":4},"end":{"line":258,"column":5}},"68":{"start":{"line":236,"column":23},"end":{"line":236,"column":47}},"69":{"start":{"line":237,"column":31},"end":{"line":237,"column":41}},"70":{"start":{"line":239,"column":25},"end":{"line":239,"column":70}},"71":{"start":{"line":241,"column":8},"end":{"line":246,"column":9}},"72":{"start":{"line":242,"column":12},"end":{"line":245,"column":15}},"73":{"start":{"line":248,"column":8},"end":{"line":251,"column":11}},"74":{"start":{"line":253,"column":8},"end":{"line":257,"column":11}},"75":{"start":{"line":262,"column":0},"end":{"line":278,"column":3}},"76":{"start":{"line":263,"column":4},"end":{"line":277,"column":5}},"77":{"start":{"line":264,"column":23},"end":{"line":264,"column":47}},"78":{"start":{"line":265,"column":28},"end":{"line":265,"column":74}},"79":{"start":{"line":267,"column":8},"end":{"line":270,"column":11}},"80":{"start":{"line":272,"column":8},"end":{"line":276,"column":11}},"81":{"start":{"line":283,"column":0},"end":{"line":307,"column":3}},"82":{"start":{"line":288,"column":4},"end":{"line":306,"column":5}},"83":{"start":{"line":289,"column":23},"end":{"line":289,"column":47}},"84":{"start":{"line":290,"column":53},"end":{"line":290,"column":61}},"85":{"start":{"line":292,"column":19},"end":{"line":292,"column":65}},"86":{"start":{"line":294,"column":8},"end":{"line":299,"column":11}},"87":{"start":{"line":301,"column":8},"end":{"line":305,"column":11}},"88":{"start":{"line":310,"column":0},"end":{"line":340,"column":3}},"89":{"start":{"line":314,"column":4},"end":{"line":339,"column":5}},"90":{"start":{"line":315,"column":23},"end":{"line":315,"column":47}},"91":{"start":{"line":316,"column":35},"end":{"line":316,"column":45}},"92":{"start":{"line":318,"column":21},"end":{"line":318,"column":64}},"93":{"start":{"line":320,"column":8},"end":{"line":325,"column":9}},"94":{"start":{"line":321,"column":12},"end":{"line":324,"column":15}},"95":{"start":{"line":327,"column":8},"end":{"line":332,"column":11}},"96":{"start":{"line":334,"column":8},"end":{"line":338,"column":11}},"97":{"start":{"line":343,"column":0},"end":{"line":370,"column":3}},"98":{"start":{"line":348,"column":4},"end":{"line":369,"column":5}},"99":{"start":{"line":349,"column":23},"end":{"line":349,"column":47}},"100":{"start":{"line":350,"column":52},"end":{"line":350,"column":61}},"101":{"start":{"line":352,"column":24},"end":{"line":356,"column":10}},"102":{"start":{"line":358,"column":8},"end":{"line":362,"column":11}},"103":{"start":{"line":364,"column":8},"end":{"line":368,"column":11}},"104":{"start":{"line":373,"column":0},"end":{"line":400,"column":3}},"105":{"start":{"line":378,"column":4},"end":{"line":399,"column":5}},"106":{"start":{"line":379,"column":23},"end":{"line":379,"column":47}},"107":{"start":{"line":380,"column":69},"end":{"line":380,"column":77}},"108":{"start":{"line":383,"column":23},"end":{"line":387,"column":19}},"109":{"start":{"line":389,"column":8},"end":{"line":392,"column":11}},"110":{"start":{"line":394,"column":8},"end":{"line":398,"column":11}},"111":{"start":{"line":403,"column":0},"end":{"line":426,"column":3}},"112":{"start":{"line":404,"column":4},"end":{"line":425,"column":5}},"113":{"start":{"line":405,"column":23},"end":{"line":405,"column":47}},"114":{"start":{"line":406,"column":23},"end":{"line":406,"column":41}},"115":{"start":{"line":407,"column":28},"end":{"line":407,"column":58}},"116":{"start":{"line":408,"column":34},"end":{"line":408,"column":81}},"117":{"start":{"line":410,"column":8},"end":{"line":418,"column":11}},"118":{"start":{"line":420,"column":8},"end":{"line":424,"column":11}},"119":{"start":{"line":429,"column":0},"end":{"line":437,"column":3}},"120":{"start":{"line":430,"column":4},"end":{"line":430,"column":51}},"121":{"start":{"line":432,"column":4},"end":{"line":436,"column":7}},"122":{"start":{"line":439,"column":0},"end":{"line":439,"column":24}}},"fnMap":{"0":{"name":"(anonymous_0)","decl":{"start":{"line":16,"column":25},"end":{"line":16,"column":26}},"loc":{"start":{"line":16,"column":37},"end":{"line":24,"column":1}},"line":16},"1":{"name":"(anonymous_1)","decl":{"start":{"line":42,"column":31},"end":{"line":42,"column":32}},"loc":{"start":{"line":42,"column":51},"end":{"line":52,"column":1}},"line":42},"2":{"name":"(anonymous_2)","decl":{"start":{"line":55,"column":22},"end":{"line":55,"column":23}},"loc":{"start":{"line":55,"column":42},"end":{"line":73,"column":1}},"line":55},"3":{"name":"(anonymous_3)","decl":{"start":{"line":82,"column":27},"end":{"line":82,"column":28}},"loc":{"start":{"line":82,"column":47},"end":{"line":104,"column":1}},"line":82},"4":{"name":"(anonymous_4)","decl":{"start":{"line":109,"column":27},"end":{"line":109,"column":28}},"loc":{"start":{"line":109,"column":47},"end":{"line":134,"column":1}},"line":109},"5":{"name":"(anonymous_5)","decl":{"start":{"line":137,"column":24},"end":{"line":137,"column":25}},"loc":{"start":{"line":137,"column":44},"end":{"line":160,"column":1}},"line":137},"6":{"name":"(anonymous_6)","decl":{"start":{"line":144,"column":35},"end":{"line":144,"column":36}},"loc":{"start":{"line":144,"column":47},"end":{"line":151,"column":13}},"line":144},"7":{"name":"(anonymous_7)","decl":{"start":{"line":165,"column":27},"end":{"line":165,"column":28}},"loc":{"start":{"line":165,"column":47},"end":{"line":183,"column":1}},"line":165},"8":{"name":"(anonymous_8)","decl":{"start":{"line":192,"column":27},"end":{"line":192,"column":28}},"loc":{"start":{"line":192,"column":47},"end":{"line":229,"column":1}},"line":192},"9":{"name":"(anonymous_9)","decl":{"start":{"line":234,"column":27},"end":{"line":234,"column":28}},"loc":{"start":{"line":234,"column":47},"end":{"line":259,"column":1}},"line":234},"10":{"name":"(anonymous_10)","decl":{"start":{"line":262,"column":25},"end":{"line":262,"column":26}},"loc":{"start":{"line":262,"column":45},"end":{"line":278,"column":1}},"line":262},"11":{"name":"(anonymous_11)","decl":{"start":{"line":287,"column":27},"end":{"line":287,"column":28}},"loc":{"start":{"line":287,"column":47},"end":{"line":307,"column":1}},"line":287},"12":{"name":"(anonymous_12)","decl":{"start":{"line":313,"column":27},"end":{"line":313,"column":28}},"loc":{"start":{"line":313,"column":47},"end":{"line":340,"column":1}},"line":313},"13":{"name":"(anonymous_13)","decl":{"start":{"line":347,"column":27},"end":{"line":347,"column":28}},"loc":{"start":{"line":347,"column":47},"end":{"line":370,"column":1}},"line":347},"14":{"name":"(anonymous_14)","decl":{"start":{"line":377,"column":27},"end":{"line":377,"column":28}},"loc":{"start":{"line":377,"column":47},"end":{"line":400,"column":1}},"line":377},"15":{"name":"(anonymous_15)","decl":{"start":{"line":403,"column":25},"end":{"line":403,"column":26}},"loc":{"start":{"line":403,"column":45},"end":{"line":426,"column":1}},"line":403},"16":{"name":"(anonymous_16)","decl":{"start":{"line":429,"column":11},"end":{"line":429,"column":12}},"loc":{"start":{"line":429,"column":38},"end":{"line":437,"column":1}},"line":429}},"branchMap":{"0":{"loc":{"start":{"line":17,"column":4},"end":{"line":22,"column":5}},"type":"if","locations":[{"start":{"line":17,"column":4},"end":{"line":22,"column":5}},{"start":{},"end":{}}],"line":17},"1":{"loc":{"start":{"line":44,"column":4},"end":{"line":50,"column":5}},"type":"if","locations":[{"start":{"line":44,"column":4},"end":{"line":50,"column":5}},{"start":{},"end":{}}],"line":44},"2":{"loc":{"start":{"line":116,"column":8},"end":{"line":121,"column":9}},"type":"if","locations":[{"start":{"line":116,"column":8},"end":{"line":121,"column":9}},{"start":{},"end":{}}],"line":116},"3":{"loc":{"start":{"line":195,"column":41},"end":{"line":195,"column":53}},"type":"default-arg","locations":[{"start":{"line":195,"column":51},"end":{"line":195,"column":53}}],"line":195},"4":{"loc":{"start":{"line":199,"column":8},"end":{"line":205,"column":9}},"type":"if","locations":[{"start":{"line":199,"column":8},"end":{"line":205,"column":9}},{"start":{},"end":{}}],"line":199},"5":{"loc":{"start":{"line":241,"column":8},"end":{"line":246,"column":9}},"type":"if","locations":[{"start":{"line":241,"column":8},"end":{"line":246,"column":9}},{"start":{},"end":{}}],"line":241},"6":{"loc":{"start":{"line":290,"column":27},"end":{"line":290,"column":48}},"type":"default-arg","locations":[{"start":{"line":290,"column":39},"end":{"line":290,"column":48}}],"line":290},"7":{"loc":{"start":{"line":320,"column":8},"end":{"line":325,"column":9}},"type":"if","locations":[{"start":{"line":320,"column":8},"end":{"line":325,"column":9}},{"start":{},"end":{}}],"line":320},"8":{"loc":{"start":{"line":350,"column":37},"end":{"line":350,"column":47}},"type":"default-arg","locations":[{"start":{"line":350,"column":45},"end":{"line":350,"column":47}}],"line":350},"9":{"loc":{"start":{"line":380,"column":26},"end":{"line":380,"column":38}},"type":"default-arg","locations":[{"start":{"line":380,"column":36},"end":{"line":380,"column":38}}],"line":380},"10":{"loc":{"start":{"line":380,"column":40},"end":{"line":380,"column":64}},"type":"default-arg","locations":[{"start":{"line":380,"column":51},"end":{"line":380,"column":64}}],"line":380},"11":{"loc":{"start":{"line":435,"column":17},"end":{"line":435,"column":96}},"type":"cond-expr","locations":[{"start":{"line":435,"column":58},"end":{"line":435,"column":71}},{"start":{"line":435,"column":74},"end":{"line":435,"column":96}}],"line":435}},"s":{"0":0,"1":0,"2":0,"3":0,"4":0,"5":0,"6":0,"7":0,"8":0,"9":0,"10":0,"11":0,"12":0,"13":0,"14":0,"15":0,"16":0,"17":0,"18":0,"19":0,"20":0,"21":0,"22":0,"23":0,"24":0,"25":0,"26":0,"27":0,"28":0,"29":0,"30":0,"31":0,"32":0,"33":0,"34":0,"35":0,"36":0,"37":0,"38":0,"39":0,"40":0,"41":0,"42":0,"43":0,"44":0,"45":0,"46":0,"47":0,"48":0,"49":0,"50":0,"51":0,"52":0,"53":0,"54":0,"55":0,"56":0,"57":0,"58":0,"59":0,"60":0,"61":0,"62":0,"63":0,"64":0,"65":0,"66":0,"67":0,"68":0,"69":0,"70":0,"71":0,"72":0,"73":0,"74":0,"75":0,"76":0,"77":0,"78":0,"79":0,"80":0,"81":0,"82":0,"83":0,"84":0,"85":0,"86":0,"87":0,"88":0,"89":0,"90":0,"91":0,"92":0,"93":0,"94":0,"95":0,"96":0,"97":0,"98":0,"99":0,"100":0,"101":0,"102":0,"103":0,"104":0,"105":0,"106":0,"107":0,"108":0,"109":0,"110":0,"111":0,"112":0,"113":0,"114":0,"115":0,"116":0,"117":0,"118":0,"119":0,"120":0,"121":0,"122":0},"f":{"0":0,"1":0,"2":0,"3":0,"4":0,"5":0,"6":0,"7":0,"8":0,"9":0,"10":0,"11":0,"12":0,"13":0,"14":0,"15":0,"16":0},"b":{"0":[0,0],"1":[0,0],"2":[0,0],"3":[0],"4":[0,0],"5":[0,0],"6":[0],"7":[0,0],"8":[0],"9":[0],"10":[0],"11":[0,0]}}
,"/Users/andreapanzeri/progetti/IT-ERA/lib/claude-flow/ClaudeFlowEngine.js": {"path":"/Users/andreapanzeri/progetti/IT-ERA/lib/claude-flow/ClaudeFlowEngine.js","statementMap":{"0":{"start":{"line":6,"column":21},"end":{"line":6,"column":38}},"1":{"start":{"line":7,"column":23},"end":{"line":7,"column":38}},"2":{"start":{"line":8,"column":15},"end":{"line":8,"column":32}},"3":{"start":{"line":9,"column":23},"end":{"line":9,"column":50}},"4":{"start":{"line":10,"column":21},"end":{"line":10,"column":46}},"5":{"start":{"line":11,"column":23},"end":{"line":11,"column":50}},"6":{"start":{"line":12,"column":26},"end":{"line":12,"column":69}},"7":{"start":{"line":16,"column":8},"end":{"line":16,"column":16}},"8":{"start":{"line":18,"column":8},"end":{"line":26,"column":10}},"9":{"start":{"line":28,"column":8},"end":{"line":28,"column":31}},"10":{"start":{"line":29,"column":8},"end":{"line":29,"column":33}},"11":{"start":{"line":30,"column":8},"end":{"line":30,"column":36}},"12":{"start":{"line":33,"column":8},"end":{"line":33,"column":35}},"13":{"start":{"line":34,"column":8},"end":{"line":34,"column":33}},"14":{"start":{"line":35,"column":8},"end":{"line":35,"column":35}},"15":{"start":{"line":36,"column":8},"end":{"line":36,"column":38}},"16":{"start":{"line":39,"column":8},"end":{"line":39,"column":35}},"17":{"start":{"line":40,"column":8},"end":{"line":40,"column":41}},"18":{"start":{"line":41,"column":8},"end":{"line":46,"column":10}},"19":{"start":{"line":48,"column":8},"end":{"line":48,"column":78}},"20":{"start":{"line":52,"column":8},"end":{"line":54,"column":9}},"21":{"start":{"line":53,"column":12},"end":{"line":53,"column":24}},"22":{"start":{"line":56,"column":8},"end":{"line":104,"column":9}},"23":{"start":{"line":57,"column":12},"end":{"line":57,"column":59}},"24":{"start":{"line":60,"column":12},"end":{"line":64,"column":15}},"25":{"start":{"line":65,"column":12},"end":{"line":65,"column":49}},"26":{"start":{"line":67,"column":12},"end":{"line":71,"column":15}},"27":{"start":{"line":72,"column":12},"end":{"line":72,"column":51}},"28":{"start":{"line":74,"column":12},"end":{"line":78,"column":15}},"29":{"start":{"line":79,"column":12},"end":{"line":79,"column":51}},"30":{"start":{"line":82,"column":12},"end":{"line":85,"column":15}},"31":{"start":{"line":86,"column":12},"end":{"line":86,"column":54}},"32":{"start":{"line":89,"column":12},"end":{"line":89,"column":39}},"33":{"start":{"line":92,"column":12},"end":{"line":94,"column":13}},"34":{"start":{"line":93,"column":16},"end":{"line":93,"column":37}},"35":{"start":{"line":96,"column":12},"end":{"line":96,"column":36}},"36":{"start":{"line":97,"column":12},"end":{"line":97,"column":68}},"37":{"start":{"line":98,"column":12},"end":{"line":98,"column":37}},"38":{"start":{"line":100,"column":12},"end":{"line":100,"column":24}},"39":{"start":{"line":102,"column":12},"end":{"line":102,"column":76}},"40":{"start":{"line":103,"column":12},"end":{"line":103,"column":24}},"41":{"start":{"line":109,"column":8},"end":{"line":112,"column":11}},"42":{"start":{"line":110,"column":12},"end":{"line":110,"column":43}},"43":{"start":{"line":111,"column":12},"end":{"line":111,"column":49}},"44":{"start":{"line":114,"column":8},"end":{"line":116,"column":11}},"45":{"start":{"line":115,"column":12},"end":{"line":115,"column":47}},"46":{"start":{"line":119,"column":8},"end":{"line":122,"column":11}},"47":{"start":{"line":120,"column":12},"end":{"line":120,"column":60}},"48":{"start":{"line":121,"column":12},"end":{"line":121,"column":51}},"49":{"start":{"line":124,"column":8},"end":{"line":128,"column":11}},"50":{"start":{"line":125,"column":12},"end":{"line":125,"column":53}},"51":{"start":{"line":126,"column":12},"end":{"line":126,"column":45}},"52":{"start":{"line":127,"column":12},"end":{"line":127,"column":53}},"53":{"start":{"line":130,"column":8},"end":{"line":134,"column":11}},"54":{"start":{"line":131,"column":12},"end":{"line":131,"column":53}},"55":{"start":{"line":132,"column":12},"end":{"line":132,"column":34}},"56":{"start":{"line":133,"column":12},"end":{"line":133,"column":57}},"57":{"start":{"line":137,"column":8},"end":{"line":140,"column":11}},"58":{"start":{"line":138,"column":12},"end":{"line":138,"column":44}},"59":{"start":{"line":139,"column":12},"end":{"line":139,"column":49}},"60":{"start":{"line":142,"column":8},"end":{"line":145,"column":11}},"61":{"start":{"line":143,"column":12},"end":{"line":143,"column":44}},"62":{"start":{"line":144,"column":12},"end":{"line":144,"column":52}},"63":{"start":{"line":149,"column":8},"end":{"line":156,"column":41}},"64":{"start":{"line":150,"column":12},"end":{"line":155,"column":13}},"65":{"start":{"line":151,"column":16},"end":{"line":151,"column":39}},"66":{"start":{"line":152,"column":16},"end":{"line":152,"column":48}},"67":{"start":{"line":154,"column":16},"end":{"line":154,"column":57}},"68":{"start":{"line":160,"column":8},"end":{"line":162,"column":9}},"69":{"start":{"line":161,"column":12},"end":{"line":161,"column":36}},"70":{"start":{"line":164,"column":24},"end":{"line":169,"column":10}},"71":{"start":{"line":171,"column":8},"end":{"line":171,"column":38}},"72":{"start":{"line":172,"column":8},"end":{"line":172,"column":63}},"73":{"start":{"line":174,"column":8},"end":{"line":174,"column":23}},"74":{"start":{"line":178,"column":8},"end":{"line":178,"column":63}},"75":{"start":{"line":182,"column":24},"end":{"line":182,"column":71}},"76":{"start":{"line":184,"column":8},"end":{"line":186,"column":9}},"77":{"start":{"line":185,"column":12},"end":{"line":185,"column":39}},"78":{"start":{"line":188,"column":8},"end":{"line":188,"column":49}},"79":{"start":{"line":189,"column":8},"end":{"line":189,"column":23}},"80":{"start":{"line":193,"column":8},"end":{"line":195,"column":9}},"81":{"start":{"line":194,"column":12},"end":{"line":194,"column":74}},"82":{"start":{"line":197,"column":25},"end":{"line":200,"column":10}},"83":{"start":{"line":202,"column":8},"end":{"line":206,"column":11}},"84":{"start":{"line":208,"column":8},"end":{"line":208,"column":24}},"85":{"start":{"line":212,"column":8},"end":{"line":212,"column":67}},"86":{"start":{"line":216,"column":8},"end":{"line":216,"column":64}},"87":{"start":{"line":220,"column":8},"end":{"line":220,"column":62}},"88":{"start":{"line":224,"column":22},"end":{"line":231,"column":9}},"89":{"start":{"line":233,"column":8},"end":{"line":233,"column":71}},"90":{"start":{"line":234,"column":8},"end":{"line":234,"column":21}},"91":{"start":{"line":238,"column":8},"end":{"line":248,"column":9}},"92":{"start":{"line":239,"column":26},"end":{"line":239,"column":84}},"93":{"start":{"line":240,"column":12},"end":{"line":243,"column":13}},"94":{"start":{"line":241,"column":16},"end":{"line":241,"column":61}},"95":{"start":{"line":242,"column":16},"end":{"line":242,"column":73}},"96":{"start":{"line":244,"column":12},"end":{"line":244,"column":25}},"97":{"start":{"line":246,"column":12},"end":{"line":246,"column":57}},"98":{"start":{"line":247,"column":12},"end":{"line":247,"column":24}},"99":{"start":{"line":252,"column":8},"end":{"line":270,"column":10}},"100":{"start":{"line":274,"column":8},"end":{"line":274,"column":56}},"101":{"start":{"line":276,"column":8},"end":{"line":304,"column":9}},"102":{"start":{"line":278,"column":12},"end":{"line":278,"column":35}},"103":{"start":{"line":281,"column":12},"end":{"line":283,"column":13}},"104":{"start":{"line":282,"column":16},"end":{"line":282,"column":62}},"105":{"start":{"line":286,"column":12},"end":{"line":288,"column":13}},"106":{"start":{"line":287,"column":16},"end":{"line":287,"column":53}},"107":{"start":{"line":290,"column":12},"end":{"line":292,"column":13}},"108":{"start":{"line":291,"column":16},"end":{"line":291,"column":53}},"109":{"start":{"line":294,"column":12},"end":{"line":296,"column":13}},"110":{"start":{"line":295,"column":16},"end":{"line":295,"column":51}},"111":{"start":{"line":298,"column":12},"end":{"line":298,"column":37}},"112":{"start":{"line":299,"column":12},"end":{"line":299,"column":61}},"113":{"start":{"line":300,"column":12},"end":{"line":300,"column":34}},"114":{"start":{"line":302,"column":12},"end":{"line":302,"column":58}},"115":{"start":{"line":303,"column":12},"end":{"line":303,"column":24}},"116":{"start":{"line":308,"column":8},"end":{"line":310,"column":9}},"117":{"start":{"line":309,"column":12},"end":{"line":309,"column":88}},"118":{"start":{"line":313,"column":8},"end":{"line":318,"column":37}},"119":{"start":{"line":322,"column":8},"end":{"line":322,"column":63}},"120":{"start":{"line":323,"column":8},"end":{"line":323,"column":30}},"121":{"start":{"line":326,"column":8},"end":{"line":335,"column":37}},"122":{"start":{"line":337,"column":8},"end":{"line":337,"column":34}},"123":{"start":{"line":341,"column":0},"end":{"line":341,"column":34}}},"fnMap":{"0":{"name":"(anonymous_0)","decl":{"start":{"line":15,"column":4},"end":{"line":15,"column":5}},"loc":{"start":{"line":15,"column":29},"end":{"line":49,"column":5}},"line":15},"1":{"name":"(anonymous_1)","decl":{"start":{"line":51,"column":4},"end":{"line":51,"column":5}},"loc":{"start":{"line":51,"column":23},"end":{"line":105,"column":5}},"line":51},"2":{"name":"(anonymous_2)","decl":{"start":{"line":107,"column":4},"end":{"line":107,"column":5}},"loc":{"start":{"line":107,"column":26},"end":{"line":146,"column":5}},"line":107},"3":{"name":"(anonymous_3)","decl":{"start":{"line":109,"column":49},"end":{"line":109,"column":50}},"loc":{"start":{"line":109,"column":62},"end":{"line":112,"column":9}},"line":109},"4":{"name":"(anonymous_4)","decl":{"start":{"line":114,"column":47},"end":{"line":114,"column":48}},"loc":{"start":{"line":114,"column":60},"end":{"line":116,"column":9}},"line":114},"5":{"name":"(anonymous_5)","decl":{"start":{"line":119,"column":50},"end":{"line":119,"column":51}},"loc":{"start":{"line":119,"column":64},"end":{"line":122,"column":9}},"line":119},"6":{"name":"(anonymous_6)","decl":{"start":{"line":124,"column":52},"end":{"line":124,"column":53}},"loc":{"start":{"line":124,"column":66},"end":{"line":128,"column":9}},"line":124},"7":{"name":"(anonymous_7)","decl":{"start":{"line":130,"column":49},"end":{"line":130,"column":50}},"loc":{"start":{"line":130,"column":70},"end":{"line":134,"column":9}},"line":130},"8":{"name":"(anonymous_8)","decl":{"start":{"line":137,"column":45},"end":{"line":137,"column":46}},"loc":{"start":{"line":137,"column":60},"end":{"line":140,"column":9}},"line":137},"9":{"name":"(anonymous_9)","decl":{"start":{"line":142,"column":48},"end":{"line":142,"column":49}},"loc":{"start":{"line":142,"column":63},"end":{"line":145,"column":9}},"line":142},"10":{"name":"(anonymous_10)","decl":{"start":{"line":148,"column":4},"end":{"line":148,"column":5}},"loc":{"start":{"line":148,"column":20},"end":{"line":157,"column":5}},"line":148},"11":{"name":"(anonymous_11)","decl":{"start":{"line":149,"column":20},"end":{"line":149,"column":21}},"loc":{"start":{"line":149,"column":32},"end":{"line":156,"column":9}},"line":149},"12":{"name":"(anonymous_12)","decl":{"start":{"line":159,"column":4},"end":{"line":159,"column":5}},"loc":{"start":{"line":159,"column":38},"end":{"line":175,"column":5}},"line":159},"13":{"name":"(anonymous_13)","decl":{"start":{"line":177,"column":4},"end":{"line":177,"column":5}},"loc":{"start":{"line":177,"column":32},"end":{"line":179,"column":5}},"line":177},"14":{"name":"(anonymous_14)","decl":{"start":{"line":181,"column":4},"end":{"line":181,"column":5}},"loc":{"start":{"line":181,"column":32},"end":{"line":190,"column":5}},"line":181},"15":{"name":"(anonymous_15)","decl":{"start":{"line":192,"column":4},"end":{"line":192,"column":5}},"loc":{"start":{"line":192,"column":54},"end":{"line":209,"column":5}},"line":192},"16":{"name":"(anonymous_16)","decl":{"start":{"line":211,"column":4},"end":{"line":211,"column":5}},"loc":{"start":{"line":211,"column":56},"end":{"line":213,"column":5}},"line":211},"17":{"name":"(anonymous_17)","decl":{"start":{"line":215,"column":4},"end":{"line":215,"column":5}},"loc":{"start":{"line":215,"column":53},"end":{"line":217,"column":5}},"line":215},"18":{"name":"(anonymous_18)","decl":{"start":{"line":219,"column":4},"end":{"line":219,"column":5}},"loc":{"start":{"line":219,"column":44},"end":{"line":221,"column":5}},"line":219},"19":{"name":"(anonymous_19)","decl":{"start":{"line":223,"column":4},"end":{"line":223,"column":5}},"loc":{"start":{"line":223,"column":22},"end":{"line":235,"column":5}},"line":223},"20":{"name":"(anonymous_20)","decl":{"start":{"line":237,"column":4},"end":{"line":237,"column":5}},"loc":{"start":{"line":237,"column":22},"end":{"line":249,"column":5}},"line":237},"21":{"name":"(anonymous_21)","decl":{"start":{"line":251,"column":4},"end":{"line":251,"column":5}},"loc":{"start":{"line":251,"column":16},"end":{"line":271,"column":5}},"line":251},"22":{"name":"(anonymous_22)","decl":{"start":{"line":273,"column":4},"end":{"line":273,"column":5}},"loc":{"start":{"line":273,"column":21},"end":{"line":305,"column":5}},"line":273},"23":{"name":"(anonymous_23)","decl":{"start":{"line":307,"column":4},"end":{"line":307,"column":5}},"loc":{"start":{"line":307,"column":28},"end":{"line":319,"column":5}},"line":307},"24":{"name":"(anonymous_24)","decl":{"start":{"line":318,"column":27},"end":{"line":318,"column":28}},"loc":{"start":{"line":318,"column":33},"end":{"line":318,"column":35}},"line":318},"25":{"name":"(anonymous_25)","decl":{"start":{"line":321,"column":4},"end":{"line":321,"column":5}},"loc":{"start":{"line":321,"column":29},"end":{"line":338,"column":5}},"line":321},"26":{"name":"(anonymous_26)","decl":{"start":{"line":335,"column":27},"end":{"line":335,"column":28}},"loc":{"start":{"line":335,"column":33},"end":{"line":335,"column":35}},"line":335}},"branchMap":{"0":{"loc":{"start":{"line":15,"column":16},"end":{"line":15,"column":27}},"type":"default-arg","locations":[{"start":{"line":15,"column":25},"end":{"line":15,"column":27}}],"line":15},"1":{"loc":{"start":{"line":24,"column":27},"end":{"line":24,"column":81}},"type":"binary-expr","locations":[{"start":{"line":24,"column":27},"end":{"line":24,"column":65}},{"start":{"line":24,"column":69},"end":{"line":24,"column":81}}],"line":24},"2":{"loc":{"start":{"line":52,"column":8},"end":{"line":54,"column":9}},"type":"if","locations":[{"start":{"line":52,"column":8},"end":{"line":54,"column":9}},{"start":{},"end":{}}],"line":52},"3":{"loc":{"start":{"line":92,"column":12},"end":{"line":94,"column":13}},"type":"if","locations":[{"start":{"line":92,"column":12},"end":{"line":94,"column":13}},{"start":{},"end":{}}],"line":92},"4":{"loc":{"start":{"line":159,"column":24},"end":{"line":159,"column":36}},"type":"default-arg","locations":[{"start":{"line":159,"column":34},"end":{"line":159,"column":36}}],"line":159},"5":{"loc":{"start":{"line":160,"column":8},"end":{"line":162,"column":9}},"type":"if","locations":[{"start":{"line":160,"column":8},"end":{"line":162,"column":9}},{"start":{},"end":{}}],"line":160},"6":{"loc":{"start":{"line":165,"column":18},"end":{"line":165,"column":57}},"type":"binary-expr","locations":[{"start":{"line":165,"column":18},"end":{"line":165,"column":30}},{"start":{"line":165,"column":34},"end":{"line":165,"column":57}}],"line":165},"7":{"loc":{"start":{"line":166,"column":25},"end":{"line":166,"column":69}},"type":"binary-expr","locations":[{"start":{"line":166,"column":25},"end":{"line":166,"column":44}},{"start":{"line":166,"column":48},"end":{"line":166,"column":69}}],"line":166},"8":{"loc":{"start":{"line":167,"column":22},"end":{"line":167,"column":44}},"type":"binary-expr","locations":[{"start":{"line":167,"column":22},"end":{"line":167,"column":38}},{"start":{"line":167,"column":42},"end":{"line":167,"column":44}}],"line":167},"9":{"loc":{"start":{"line":184,"column":8},"end":{"line":186,"column":9}},"type":"if","locations":[{"start":{"line":184,"column":8},"end":{"line":186,"column":9}},{"start":{},"end":{}}],"line":184},"10":{"loc":{"start":{"line":184,"column":12},"end":{"line":184,"column":71}},"type":"binary-expr","locations":[{"start":{"line":184,"column":12},"end":{"line":184,"column":31}},{"start":{"line":184,"column":35},"end":{"line":184,"column":71}}],"line":184},"11":{"loc":{"start":{"line":192,"column":40},"end":{"line":192,"column":52}},"type":"default-arg","locations":[{"start":{"line":192,"column":50},"end":{"line":192,"column":52}}],"line":192},"12":{"loc":{"start":{"line":193,"column":8},"end":{"line":195,"column":9}},"type":"if","locations":[{"start":{"line":193,"column":8},"end":{"line":195,"column":9}},{"start":{},"end":{}}],"line":193},"13":{"loc":{"start":{"line":211,"column":33},"end":{"line":211,"column":54}},"type":"default-arg","locations":[{"start":{"line":211,"column":45},"end":{"line":211,"column":54}}],"line":211},"14":{"loc":{"start":{"line":215,"column":30},"end":{"line":215,"column":51}},"type":"default-arg","locations":[{"start":{"line":215,"column":42},"end":{"line":215,"column":51}}],"line":215},"15":{"loc":{"start":{"line":219,"column":30},"end":{"line":219,"column":42}},"type":"default-arg","locations":[{"start":{"line":219,"column":40},"end":{"line":219,"column":42}}],"line":219},"16":{"loc":{"start":{"line":240,"column":12},"end":{"line":243,"column":13}},"type":"if","locations":[{"start":{"line":240,"column":12},"end":{"line":243,"column":13}},{"start":{},"end":{}}],"line":240},"17":{"loc":{"start":{"line":241,"column":31},"end":{"line":241,"column":60}},"type":"binary-expr","locations":[{"start":{"line":241,"column":31},"end":{"line":241,"column":44}},{"start":{"line":241,"column":48},"end":{"line":241,"column":60}}],"line":241},"18":{"loc":{"start":{"line":257,"column":28},"end":{"line":261,"column":20}},"type":"cond-expr","locations":[{"start":{"line":257,"column":50},"end":{"line":261,"column":13}},{"start":{"line":261,"column":16},"end":{"line":261,"column":20}}],"line":257},"19":{"loc":{"start":{"line":281,"column":12},"end":{"line":283,"column":13}},"type":"if","locations":[{"start":{"line":281,"column":12},"end":{"line":283,"column":13}},{"start":{},"end":{}}],"line":281},"20":{"loc":{"start":{"line":286,"column":12},"end":{"line":288,"column":13}},"type":"if","locations":[{"start":{"line":286,"column":12},"end":{"line":288,"column":13}},{"start":{},"end":{}}],"line":286},"21":{"loc":{"start":{"line":290,"column":12},"end":{"line":292,"column":13}},"type":"if","locations":[{"start":{"line":290,"column":12},"end":{"line":292,"column":13}},{"start":{},"end":{}}],"line":290},"22":{"loc":{"start":{"line":294,"column":12},"end":{"line":296,"column":13}},"type":"if","locations":[{"start":{"line":294,"column":12},"end":{"line":296,"column":13}},{"start":{},"end":{}}],"line":294},"23":{"loc":{"start":{"line":307,"column":17},"end":{"line":307,"column":26}},"type":"default-arg","locations":[{"start":{"line":307,"column":24},"end":{"line":307,"column":26}}],"line":307},"24":{"loc":{"start":{"line":308,"column":8},"end":{"line":310,"column":9}},"type":"if","locations":[{"start":{"line":308,"column":8},"end":{"line":310,"column":9}},{"start":{},"end":{}}],"line":308}},"s":{"0":0,"1":0,"2":0,"3":0,"4":0,"5":0,"6":0,"7":0,"8":0,"9":0,"10":0,"11":0,"12":0,"13":0,"14":0,"15":0,"16":0,"17":0,"18":0,"19":0,"20":0,"21":0,"22":0,"23":0,"24":0,"25":0,"26":0,"27":0,"28":0,"29":0,"30":0,"31":0,"32":0,"33":0,"34":0,"35":0,"36":0,"37":0,"38":0,"39":0,"40":0,"41":0,"42":0,"43":0,"44":0,"45":0,"46":0,"47":0,"48":0,"49":0,"50":0,"51":0,"52":0,"53":0,"54":0,"55":0,"56":0,"57":0,"58":0,"59":0,"60":0,"61":0,"62":0,"63":0,"64":0,"65":0,"66":0,"67":0,"68":0,"69":0,"70":0,"71":0,"72":0,"73":0,"74":0,"75":0,"76":0,"77":0,"78":0,"79":0,"80":0,"81":0,"82":0,"83":0,"84":0,"85":0,"86":0,"87":0,"88":0,"89":0,"90":0,"91":0,"92":0,"93":0,"94":0,"95":0,"96":0,"97":0,"98":0,"99":0,"100":0,"101":0,"102":0,"103":0,"104":0,"105":0,"106":0,"107":0,"108":0,"109":0,"110":0,"111":0,"112":0,"113":0,"114":0,"115":0,"116":0,"117":0,"118":0,"119":0,"120":0,"121":0,"122":0,"123":0},"f":{"0":0,"1":0,"2":0,"3":0,"4":0,"5":0,"6":0,"7":0,"8":0,"9":0,"10":0,"11":0,"12":0,"13":0,"14":0,"15":0,"16":0,"17":0,"18":0,"19":0,"20":0,"21":0,"22":0,"23":0,"24":0,"25":0,"26":0},"b":{"0":[0],"1":[0,0],"2":[0,0],"3":[0,0],"4":[0],"5":[0,0],"6":[0,0],"7":[0,0],"8":[0,0],"9":[0,0],"10":[0,0],"11":[0],"12":[0,0],"13":[0],"14":[0],"15":[0],"16":[0,0],"17":[0,0],"18":[0,0],"19":[0,0],"20":[0,0],"21":[0,0],"22":[0,0],"23":[0],"24":[0,0]}}
,"/Users/andreapanzeri/progetti/IT-ERA/lib/claude-flow/MemorySystem.js": {"path":"/Users/andreapanzeri/progetti/IT-ERA/lib/claude-flow/MemorySystem.js","statementMap":{"0":{"start":{"line":6,"column":21},"end":{"line":6,"column":38}},"1":{"start":{"line":7,"column":11},"end":{"line":7,"column":30}},"2":{"start":{"line":8,"column":13},"end":{"line":8,"column":28}},"3":{"start":{"line":9,"column":23},"end":{"line":9,"column":38}},"4":{"start":{"line":10,"column":10},"end":{"line":10,"column":27}},"5":{"start":{"line":14,"column":8},"end":{"line":14,"column":16}},"6":{"start":{"line":16,"column":8},"end":{"line":25,"column":10}},"7":{"start":{"line":28,"column":8},"end":{"line":28,"column":32}},"8":{"start":{"line":29,"column":8},"end":{"line":29,"column":36}},"9":{"start":{"line":30,"column":8},"end":{"line":30,"column":34}},"10":{"start":{"line":33,"column":8},"end":{"line":40,"column":10}},"11":{"start":{"line":42,"column":8},"end":{"line":42,"column":33}},"12":{"start":{"line":43,"column":8},"end":{"line":43,"column":34}},"13":{"start":{"line":47,"column":8},"end":{"line":47,"column":37}},"14":{"start":{"line":47,"column":30},"end":{"line":47,"column":37}},"15":{"start":{"line":49,"column":8},"end":{"line":67,"column":9}},"16":{"start":{"line":51,"column":12},"end":{"line":51,"column":53}},"17":{"start":{"line":54,"column":12},"end":{"line":54,"column":38}},"18":{"start":{"line":57,"column":12},"end":{"line":59,"column":13}},"19":{"start":{"line":58,"column":16},"end":{"line":58,"column":37}},"20":{"start":{"line":61,"column":12},"end":{"line":61,"column":36}},"21":{"start":{"line":62,"column":12},"end":{"line":62,"column":50}},"22":{"start":{"line":63,"column":12},"end":{"line":63,"column":37}},"23":{"start":{"line":65,"column":12},"end":{"line":65,"column":71}},"24":{"start":{"line":66,"column":12},"end":{"line":66,"column":24}},"25":{"start":{"line":71,"column":8},"end":{"line":71,"column":32}},"26":{"start":{"line":72,"column":8},"end":{"line":72,"column":28}},"27":{"start":{"line":74,"column":8},"end":{"line":115,"column":9}},"28":{"start":{"line":75,"column":28},"end":{"line":75,"column":57}},"29":{"start":{"line":76,"column":26},"end":{"line":84,"column":13}},"30":{"start":{"line":87,"column":12},"end":{"line":87,"column":44}},"31":{"start":{"line":90,"column":12},"end":{"line":92,"column":13}},"32":{"start":{"line":91,"column":16},"end":{"line":91,"column":58}},"33":{"start":{"line":93,"column":12},"end":{"line":93,"column":52}},"34":{"start":{"line":96,"column":12},"end":{"line":101,"column":15}},"35":{"start":{"line":104,"column":12},"end":{"line":106,"column":13}},"36":{"start":{"line":105,"column":16},"end":{"line":105,"column":57}},"37":{"start":{"line":108,"column":12},"end":{"line":108,"column":72}},"38":{"start":{"line":109,"column":12},"end":{"line":109,"column":53}},"39":{"start":{"line":111,"column":12},"end":{"line":111,"column":28}},"40":{"start":{"line":113,"column":12},"end":{"line":113,"column":67}},"41":{"start":{"line":114,"column":12},"end":{"line":114,"column":24}},"42":{"start":{"line":119,"column":8},"end":{"line":119,"column":32}},"43":{"start":{"line":120,"column":8},"end":{"line":120,"column":32}},"44":{"start":{"line":122,"column":8},"end":{"line":154,"column":9}},"45":{"start":{"line":123,"column":28},"end":{"line":123,"column":57}},"46":{"start":{"line":126,"column":24},"end":{"line":126,"column":48}},"47":{"start":{"line":128,"column":12},"end":{"line":134,"column":13}},"48":{"start":{"line":129,"column":16},"end":{"line":129,"column":34}},"49":{"start":{"line":130,"column":16},"end":{"line":130,"column":51}},"50":{"start":{"line":131,"column":16},"end":{"line":131,"column":62}},"51":{"start":{"line":132,"column":16},"end":{"line":132,"column":66}},"52":{"start":{"line":133,"column":16},"end":{"line":133,"column":34}},"53":{"start":{"line":137,"column":12},"end":{"line":137,"column":53}},"54":{"start":{"line":138,"column":12},"end":{"line":146,"column":13}},"55":{"start":{"line":139,"column":16},"end":{"line":139,"column":34}},"56":{"start":{"line":141,"column":16},"end":{"line":141,"column":48}},"57":{"start":{"line":142,"column":16},"end":{"line":142,"column":51}},"58":{"start":{"line":143,"column":16},"end":{"line":143,"column":60}},"59":{"start":{"line":144,"column":16},"end":{"line":144,"column":66}},"60":{"start":{"line":145,"column":16},"end":{"line":145,"column":34}},"61":{"start":{"line":148,"column":12},"end":{"line":148,"column":32}},"62":{"start":{"line":149,"column":12},"end":{"line":149,"column":53}},"63":{"start":{"line":150,"column":12},"end":{"line":150,"column":24}},"64":{"start":{"line":152,"column":12},"end":{"line":152,"column":70}},"65":{"start":{"line":153,"column":12},"end":{"line":153,"column":24}},"66":{"start":{"line":158,"column":8},"end":{"line":158,"column":32}},"67":{"start":{"line":159,"column":8},"end":{"line":159,"column":30}},"68":{"start":{"line":161,"column":8},"end":{"line":204,"column":9}},"69":{"start":{"line":168,"column":16},"end":{"line":168,"column":23}},"70":{"start":{"line":170,"column":26},"end":{"line":170,"column":28}},"71":{"start":{"line":173,"column":12},"end":{"line":185,"column":13}},"72":{"start":{"line":174,"column":16},"end":{"line":174,"column":73}},"73":{"start":{"line":174,"column":64},"end":{"line":174,"column":73}},"74":{"start":{"line":176,"column":16},"end":{"line":184,"column":17}},"75":{"start":{"line":177,"column":20},"end":{"line":183,"column":23}},"76":{"start":{"line":188,"column":12},"end":{"line":188,"column":64}},"77":{"start":{"line":191,"column":12},"end":{"line":193,"column":13}},"78":{"start":{"line":192,"column":16},"end":{"line":192,"column":50}},"79":{"start":{"line":195,"column":12},"end":{"line":198,"column":15}},"80":{"start":{"line":200,"column":12},"end":{"line":200,"column":27}},"81":{"start":{"line":202,"column":12},"end":{"line":202,"column":60}},"82":{"start":{"line":203,"column":12},"end":{"line":203,"column":24}},"83":{"start":{"line":208,"column":8},"end":{"line":234,"column":9}},"84":{"start":{"line":209,"column":28},"end":{"line":209,"column":57}},"85":{"start":{"line":212,"column":28},"end":{"line":212,"column":55}},"86":{"start":{"line":215,"column":12},"end":{"line":217,"column":13}},"87":{"start":{"line":216,"column":16},"end":{"line":216,"column":59}},"88":{"start":{"line":220,"column":12},"end":{"line":220,"column":42}},"89":{"start":{"line":223,"column":12},"end":{"line":223,"column":47}},"90":{"start":{"line":225,"column":12},"end":{"line":228,"column":13}},"91":{"start":{"line":226,"column":16},"end":{"line":226,"column":55}},"92":{"start":{"line":227,"column":16},"end":{"line":227,"column":52}},"93":{"start":{"line":230,"column":12},"end":{"line":230,"column":27}},"94":{"start":{"line":232,"column":12},"end":{"line":232,"column":68}},"95":{"start":{"line":233,"column":12},"end":{"line":233,"column":24}},"96":{"start":{"line":238,"column":8},"end":{"line":261,"column":9}},"97":{"start":{"line":239,"column":12},"end":{"line":254,"column":13}},"98":{"start":{"line":241,"column":29},"end":{"line":241,"column":72}},"99":{"start":{"line":242,"column":16},"end":{"line":244,"column":17}},"100":{"start":{"line":243,"column":20},"end":{"line":243,"column":54}},"101":{"start":{"line":245,"column":16},"end":{"line":245,"column":50}},"102":{"start":{"line":248,"column":16},"end":{"line":248,"column":36}},"103":{"start":{"line":249,"column":16},"end":{"line":249,"column":40}},"104":{"start":{"line":250,"column":16},"end":{"line":250,"column":38}},"105":{"start":{"line":253,"column":16},"end":{"line":253,"column":56}},"106":{"start":{"line":256,"column":12},"end":{"line":256,"column":89}},"107":{"start":{"line":257,"column":12},"end":{"line":257,"column":50}},"108":{"start":{"line":259,"column":12},"end":{"line":259,"column":59}},"109":{"start":{"line":260,"column":12},"end":{"line":260,"column":24}},"110":{"start":{"line":265,"column":8},"end":{"line":265,"column":50}},"111":{"start":{"line":269,"column":8},"end":{"line":269,"column":71}},"112":{"start":{"line":273,"column":8},"end":{"line":280,"column":10}},"113":{"start":{"line":284,"column":8},"end":{"line":284,"column":37}},"114":{"start":{"line":288,"column":8},"end":{"line":295,"column":9}},"115":{"start":{"line":289,"column":31},"end":{"line":289,"column":50}},"116":{"start":{"line":290,"column":12},"end":{"line":294,"column":14}},"117":{"start":{"line":297,"column":8},"end":{"line":299,"column":9}},"118":{"start":{"line":298,"column":12},"end":{"line":298,"column":48}},"119":{"start":{"line":301,"column":8},"end":{"line":301,"column":21}},"120":{"start":{"line":305,"column":21},"end":{"line":305,"column":47}},"121":{"start":{"line":306,"column":8},"end":{"line":309,"column":9}},"122":{"start":{"line":307,"column":12},"end":{"line":307,"column":31}},"123":{"start":{"line":308,"column":12},"end":{"line":308,"column":57}},"124":{"start":{"line":313,"column":8},"end":{"line":313,"column":43}},"125":{"start":{"line":317,"column":20},"end":{"line":317,"column":21}},"126":{"start":{"line":318,"column":8},"end":{"line":320,"column":9}},"127":{"start":{"line":319,"column":12},"end":{"line":319,"column":32}},"128":{"start":{"line":321,"column":8},"end":{"line":321,"column":21}},"129":{"start":{"line":325,"column":8},"end":{"line":353,"column":9}},"130":{"start":{"line":326,"column":12},"end":{"line":332,"column":13}},"131":{"start":{"line":327,"column":33},"end":{"line":327,"column":87}},"132":{"start":{"line":328,"column":16},"end":{"line":330,"column":17}},"133":{"start":{"line":329,"column":20},"end":{"line":329,"column":55}},"134":{"start":{"line":331,"column":16},"end":{"line":331,"column":28}},"135":{"start":{"line":335,"column":26},"end":{"line":335,"column":64}},"136":{"start":{"line":336,"column":12},"end":{"line":348,"column":13}},"137":{"start":{"line":337,"column":16},"end":{"line":347,"column":17}},"138":{"start":{"line":338,"column":37},"end":{"line":338,"column":74}},"139":{"start":{"line":339,"column":34},"end":{"line":339,"column":61}},"140":{"start":{"line":340,"column":20},"end":{"line":340,"column":54}},"141":{"start":{"line":343,"column":20},"end":{"line":345,"column":21}},"142":{"start":{"line":344,"column":24},"end":{"line":344,"column":72}},"143":{"start":{"line":346,"column":20},"end":{"line":346,"column":86}},"144":{"start":{"line":350,"column":12},"end":{"line":350,"column":69}},"145":{"start":{"line":352,"column":12},"end":{"line":352,"column":61}},"146":{"start":{"line":357,"column":8},"end":{"line":362,"column":9}},"147":{"start":{"line":358,"column":29},"end":{"line":358,"column":97}},"148":{"start":{"line":359,"column":12},"end":{"line":359,"column":63}},"149":{"start":{"line":361,"column":12},"end":{"line":361,"column":74}},"150":{"start":{"line":366,"column":8},"end":{"line":371,"column":9}},"151":{"start":{"line":367,"column":29},"end":{"line":367,"column":97}},"152":{"start":{"line":368,"column":12},"end":{"line":368,"column":38}},"153":{"start":{"line":370,"column":12},"end":{"line":370,"column":75}},"154":{"start":{"line":375,"column":8},"end":{"line":382,"column":41}},"155":{"start":{"line":376,"column":12},"end":{"line":381,"column":13}},"156":{"start":{"line":377,"column":16},"end":{"line":377,"column":37}},"157":{"start":{"line":378,"column":16},"end":{"line":378,"column":48}},"158":{"start":{"line":380,"column":16},"end":{"line":380,"column":57}},"159":{"start":{"line":386,"column":25},"end":{"line":386,"column":27}},"160":{"start":{"line":387,"column":8},"end":{"line":389,"column":9}},"161":{"start":{"line":388,"column":12},"end":{"line":388,"column":62}},"162":{"start":{"line":390,"column":8},"end":{"line":390,"column":36}},"163":{"start":{"line":394,"column":8},"end":{"line":396,"column":9}},"164":{"start":{"line":395,"column":12},"end":{"line":395,"column":46}},"165":{"start":{"line":398,"column":8},"end":{"line":400,"column":9}},"166":{"start":{"line":399,"column":12},"end":{"line":399,"column":33}},"167":{"start":{"line":402,"column":8},"end":{"line":402,"column":43}},"168":{"start":{"line":403,"column":8},"end":{"line":403,"column":30}},"169":{"start":{"line":407,"column":8},"end":{"line":409,"column":9}},"170":{"start":{"line":408,"column":12},"end":{"line":408,"column":59}},"171":{"start":{"line":413,"column":8},"end":{"line":413,"column":65}},"172":{"start":{"line":417,"column":0},"end":{"line":417,"column":30}}},"fnMap":{"0":{"name":"(anonymous_0)","decl":{"start":{"line":13,"column":4},"end":{"line":13,"column":5}},"loc":{"start":{"line":13,"column":29},"end":{"line":44,"column":5}},"line":13},"1":{"name":"(anonymous_1)","decl":{"start":{"line":46,"column":4},"end":{"line":46,"column":5}},"loc":{"start":{"line":46,"column":23},"end":{"line":68,"column":5}},"line":46},"2":{"name":"(anonymous_2)","decl":{"start":{"line":70,"column":4},"end":{"line":70,"column":5}},"loc":{"start":{"line":70,"column":50},"end":{"line":116,"column":5}},"line":70},"3":{"name":"(anonymous_3)","decl":{"start":{"line":118,"column":4},"end":{"line":118,"column":5}},"loc":{"start":{"line":118,"column":47},"end":{"line":155,"column":5}},"line":118},"4":{"name":"(anonymous_4)","decl":{"start":{"line":157,"column":4},"end":{"line":157,"column":5}},"loc":{"start":{"line":157,"column":38},"end":{"line":205,"column":5}},"line":157},"5":{"name":"(anonymous_5)","decl":{"start":{"line":207,"column":4},"end":{"line":207,"column":5}},"loc":{"start":{"line":207,"column":45},"end":{"line":235,"column":5}},"line":207},"6":{"name":"(anonymous_6)","decl":{"start":{"line":237,"column":4},"end":{"line":237,"column":5}},"loc":{"start":{"line":237,"column":34},"end":{"line":262,"column":5}},"line":237},"7":{"name":"(anonymous_7)","decl":{"start":{"line":264,"column":4},"end":{"line":264,"column":5}},"loc":{"start":{"line":264,"column":20},"end":{"line":266,"column":5}},"line":264},"8":{"name":"(anonymous_8)","decl":{"start":{"line":268,"column":4},"end":{"line":268,"column":5}},"loc":{"start":{"line":268,"column":35},"end":{"line":270,"column":5}},"line":268},"9":{"name":"(anonymous_9)","decl":{"start":{"line":272,"column":4},"end":{"line":272,"column":5}},"loc":{"start":{"line":272,"column":15},"end":{"line":281,"column":5}},"line":272},"10":{"name":"(anonymous_10)","decl":{"start":{"line":283,"column":4},"end":{"line":283,"column":5}},"loc":{"start":{"line":283,"column":29},"end":{"line":285,"column":5}},"line":283},"11":{"name":"(anonymous_11)","decl":{"start":{"line":287,"column":4},"end":{"line":287,"column":5}},"loc":{"start":{"line":287,"column":31},"end":{"line":302,"column":5}},"line":287},"12":{"name":"(anonymous_12)","decl":{"start":{"line":304,"column":4},"end":{"line":304,"column":5}},"loc":{"start":{"line":304,"column":34},"end":{"line":310,"column":5}},"line":304},"13":{"name":"(anonymous_13)","decl":{"start":{"line":312,"column":4},"end":{"line":312,"column":5}},"loc":{"start":{"line":312,"column":24},"end":{"line":314,"column":5}},"line":312},"14":{"name":"(anonymous_14)","decl":{"start":{"line":316,"column":4},"end":{"line":316,"column":5}},"loc":{"start":{"line":316,"column":25},"end":{"line":322,"column":5}},"line":316},"15":{"name":"(anonymous_15)","decl":{"start":{"line":324,"column":4},"end":{"line":324,"column":5}},"loc":{"start":{"line":324,"column":43},"end":{"line":354,"column":5}},"line":324},"16":{"name":"(anonymous_16)","decl":{"start":{"line":356,"column":4},"end":{"line":356,"column":5}},"loc":{"start":{"line":356,"column":40},"end":{"line":363,"column":5}},"line":356},"17":{"name":"(anonymous_17)","decl":{"start":{"line":365,"column":4},"end":{"line":365,"column":5}},"loc":{"start":{"line":365,"column":34},"end":{"line":372,"column":5}},"line":365},"18":{"name":"(anonymous_18)","decl":{"start":{"line":374,"column":4},"end":{"line":374,"column":5}},"loc":{"start":{"line":374,"column":20},"end":{"line":383,"column":5}},"line":374},"19":{"name":"(anonymous_19)","decl":{"start":{"line":375,"column":41},"end":{"line":375,"column":42}},"loc":{"start":{"line":375,"column":53},"end":{"line":382,"column":9}},"line":375},"20":{"name":"(anonymous_20)","decl":{"start":{"line":385,"column":4},"end":{"line":385,"column":5}},"loc":{"start":{"line":385,"column":20},"end":{"line":391,"column":5}},"line":385},"21":{"name":"(anonymous_21)","decl":{"start":{"line":393,"column":4},"end":{"line":393,"column":5}},"loc":{"start":{"line":393,"column":21},"end":{"line":404,"column":5}},"line":393},"22":{"name":"(anonymous_22)","decl":{"start":{"line":406,"column":4},"end":{"line":406,"column":5}},"loc":{"start":{"line":406,"column":28},"end":{"line":410,"column":5}},"line":406},"23":{"name":"(anonymous_23)","decl":{"start":{"line":412,"column":4},"end":{"line":412,"column":5}},"loc":{"start":{"line":412,"column":29},"end":{"line":414,"column":5}},"line":412}},"branchMap":{"0":{"loc":{"start":{"line":13,"column":16},"end":{"line":13,"column":27}},"type":"default-arg","locations":[{"start":{"line":13,"column":25},"end":{"line":13,"column":27}}],"line":13},"1":{"loc":{"start":{"line":17,"column":21},"end":{"line":17,"column":51}},"type":"binary-expr","locations":[{"start":{"line":17,"column":21},"end":{"line":17,"column":35}},{"start":{"line":17,"column":39},"end":{"line":17,"column":51}}],"line":17},"2":{"loc":{"start":{"line":19,"column":30},"end":{"line":19,"column":62}},"type":"binary-expr","locations":[{"start":{"line":19,"column":30},"end":{"line":19,"column":53}},{"start":{"line":19,"column":57},"end":{"line":19,"column":62}}],"line":19},"3":{"loc":{"start":{"line":20,"column":27},"end":{"line":20,"column":68}},"type":"binary-expr","locations":[{"start":{"line":20,"column":27},"end":{"line":20,"column":47}},{"start":{"line":20,"column":51},"end":{"line":20,"column":68}}],"line":20},"4":{"loc":{"start":{"line":22,"column":19},"end":{"line":22,"column":40}},"type":"binary-expr","locations":[{"start":{"line":22,"column":19},"end":{"line":22,"column":31}},{"start":{"line":22,"column":35},"end":{"line":22,"column":40}}],"line":22},"5":{"loc":{"start":{"line":23,"column":22},"end":{"line":23,"column":91}},"type":"binary-expr","locations":[{"start":{"line":23,"column":22},"end":{"line":23,"column":37}},{"start":{"line":23,"column":41},"end":{"line":23,"column":91}}],"line":23},"6":{"loc":{"start":{"line":47,"column":8},"end":{"line":47,"column":37}},"type":"if","locations":[{"start":{"line":47,"column":8},"end":{"line":47,"column":37}},{"start":{},"end":{}}],"line":47},"7":{"loc":{"start":{"line":57,"column":12},"end":{"line":59,"column":13}},"type":"if","locations":[{"start":{"line":57,"column":12},"end":{"line":59,"column":13}},{"start":{},"end":{}}],"line":57},"8":{"loc":{"start":{"line":70,"column":27},"end":{"line":70,"column":48}},"type":"default-arg","locations":[{"start":{"line":70,"column":39},"end":{"line":70,"column":48}}],"line":70},"9":{"loc":{"start":{"line":90,"column":12},"end":{"line":92,"column":13}},"type":"if","locations":[{"start":{"line":90,"column":12},"end":{"line":92,"column":13}},{"start":{},"end":{}}],"line":90},"10":{"loc":{"start":{"line":104,"column":12},"end":{"line":106,"column":13}},"type":"if","locations":[{"start":{"line":104,"column":12},"end":{"line":106,"column":13}},{"start":{},"end":{}}],"line":104},"11":{"loc":{"start":{"line":118,"column":24},"end":{"line":118,"column":45}},"type":"default-arg","locations":[{"start":{"line":118,"column":36},"end":{"line":118,"column":45}}],"line":118},"12":{"loc":{"start":{"line":128,"column":12},"end":{"line":134,"column":13}},"type":"if","locations":[{"start":{"line":128,"column":12},"end":{"line":134,"column":13}},{"start":{},"end":{}}],"line":128},"13":{"loc":{"start":{"line":138,"column":12},"end":{"line":146,"column":13}},"type":"if","locations":[{"start":{"line":138,"column":12},"end":{"line":146,"column":13}},{"start":{},"end":{}}],"line":138},"14":{"loc":{"start":{"line":157,"column":24},"end":{"line":157,"column":36}},"type":"default-arg","locations":[{"start":{"line":157,"column":34},"end":{"line":157,"column":36}}],"line":157},"15":{"loc":{"start":{"line":163,"column":16},"end":{"line":163,"column":32}},"type":"default-arg","locations":[{"start":{"line":163,"column":28},"end":{"line":163,"column":32}}],"line":163},"16":{"loc":{"start":{"line":164,"column":16},"end":{"line":164,"column":26}},"type":"default-arg","locations":[{"start":{"line":164,"column":24},"end":{"line":164,"column":26}}],"line":164},"17":{"loc":{"start":{"line":165,"column":16},"end":{"line":165,"column":36}},"type":"default-arg","locations":[{"start":{"line":165,"column":25},"end":{"line":165,"column":36}}],"line":165},"18":{"loc":{"start":{"line":166,"column":16},"end":{"line":166,"column":34}},"type":"default-arg","locations":[{"start":{"line":166,"column":28},"end":{"line":166,"column":34}}],"line":166},"19":{"loc":{"start":{"line":167,"column":16},"end":{"line":167,"column":35}},"type":"default-arg","locations":[{"start":{"line":167,"column":30},"end":{"line":167,"column":35}}],"line":167},"20":{"loc":{"start":{"line":174,"column":16},"end":{"line":174,"column":73}},"type":"if","locations":[{"start":{"line":174,"column":16},"end":{"line":174,"column":73}},{"start":{},"end":{}}],"line":174},"21":{"loc":{"start":{"line":174,"column":20},"end":{"line":174,"column":62}},"type":"binary-expr","locations":[{"start":{"line":174,"column":20},"end":{"line":174,"column":29}},{"start":{"line":174,"column":33},"end":{"line":174,"column":62}}],"line":174},"22":{"loc":{"start":{"line":176,"column":16},"end":{"line":184,"column":17}},"type":"if","locations":[{"start":{"line":176,"column":16},"end":{"line":184,"column":17}},{"start":{},"end":{}}],"line":176},"23":{"loc":{"start":{"line":182,"column":30},"end":{"line":182,"column":66}},"type":"cond-expr","locations":[{"start":{"line":182,"column":44},"end":{"line":182,"column":54}},{"start":{"line":182,"column":57},"end":{"line":182,"column":66}}],"line":182},"24":{"loc":{"start":{"line":191,"column":12},"end":{"line":193,"column":13}},"type":"if","locations":[{"start":{"line":191,"column":12},"end":{"line":193,"column":13}},{"start":{},"end":{}}],"line":191},"25":{"loc":{"start":{"line":207,"column":22},"end":{"line":207,"column":43}},"type":"default-arg","locations":[{"start":{"line":207,"column":34},"end":{"line":207,"column":43}}],"line":207},"26":{"loc":{"start":{"line":215,"column":12},"end":{"line":217,"column":13}},"type":"if","locations":[{"start":{"line":215,"column":12},"end":{"line":217,"column":13}},{"start":{},"end":{}}],"line":215},"27":{"loc":{"start":{"line":225,"column":12},"end":{"line":228,"column":13}},"type":"if","locations":[{"start":{"line":225,"column":12},"end":{"line":228,"column":13}},{"start":{},"end":{}}],"line":225},"28":{"loc":{"start":{"line":237,"column":16},"end":{"line":237,"column":32}},"type":"default-arg","locations":[{"start":{"line":237,"column":28},"end":{"line":237,"column":32}}],"line":237},"29":{"loc":{"start":{"line":239,"column":12},"end":{"line":254,"column":13}},"type":"if","locations":[{"start":{"line":239,"column":12},"end":{"line":254,"column":13}},{"start":{"line":246,"column":19},"end":{"line":254,"column":13}}],"line":239},"30":{"loc":{"start":{"line":241,"column":29},"end":{"line":241,"column":72}},"type":"binary-expr","locations":[{"start":{"line":241,"column":29},"end":{"line":241,"column":59}},{"start":{"line":241,"column":63},"end":{"line":241,"column":72}}],"line":241},"31":{"loc":{"start":{"line":256,"column":38},"end":{"line":256,"column":85}},"type":"cond-expr","locations":[{"start":{"line":256,"column":50},"end":{"line":256,"column":80}},{"start":{"line":256,"column":83},"end":{"line":256,"column":85}}],"line":256},"32":{"loc":{"start":{"line":268,"column":12},"end":{"line":268,"column":33}},"type":"default-arg","locations":[{"start":{"line":268,"column":24},"end":{"line":268,"column":33}}],"line":268},"33":{"loc":{"start":{"line":269,"column":26},"end":{"line":269,"column":69}},"type":"binary-expr","locations":[{"start":{"line":269,"column":26},"end":{"line":269,"column":56}},{"start":{"line":269,"column":60},"end":{"line":269,"column":69}}],"line":269},"34":{"loc":{"start":{"line":278,"column":21},"end":{"line":279,"column":87}},"type":"cond-expr","locations":[{"start":{"line":279,"column":16},"end":{"line":279,"column":80}},{"start":{"line":279,"column":83},"end":{"line":279,"column":87}}],"line":278},"35":{"loc":{"start":{"line":288,"column":8},"end":{"line":295,"column":9}},"type":"if","locations":[{"start":{"line":288,"column":8},"end":{"line":295,"column":9}},{"start":{},"end":{}}],"line":288},"36":{"loc":{"start":{"line":291,"column":16},"end":{"line":293,"column":77}},"type":"binary-expr","locations":[{"start":{"line":291,"column":16},"end":{"line":291,"column":60}},{"start":{"line":292,"column":16},"end":{"line":292,"column":66}},{"start":{"line":293,"column":16},"end":{"line":293,"column":77}}],"line":291},"37":{"loc":{"start":{"line":297,"column":8},"end":{"line":299,"column":9}},"type":"if","locations":[{"start":{"line":297,"column":8},"end":{"line":299,"column":9}},{"start":{},"end":{}}],"line":297},"38":{"loc":{"start":{"line":306,"column":8},"end":{"line":309,"column":9}},"type":"if","locations":[{"start":{"line":306,"column":8},"end":{"line":309,"column":9}},{"start":{},"end":{}}],"line":306},"39":{"loc":{"start":{"line":324,"column":23},"end":{"line":324,"column":41}},"type":"default-arg","locations":[{"start":{"line":324,"column":37},"end":{"line":324,"column":41}}],"line":324},"40":{"loc":{"start":{"line":326,"column":12},"end":{"line":332,"column":13}},"type":"if","locations":[{"start":{"line":326,"column":12},"end":{"line":332,"column":13}},{"start":{},"end":{}}],"line":326},"41":{"loc":{"start":{"line":328,"column":16},"end":{"line":330,"column":17}},"type":"if","locations":[{"start":{"line":328,"column":16},"end":{"line":330,"column":17}},{"start":{},"end":{}}],"line":328},"42":{"loc":{"start":{"line":337,"column":16},"end":{"line":347,"column":17}},"type":"if","locations":[{"start":{"line":337,"column":16},"end":{"line":347,"column":17}},{"start":{},"end":{}}],"line":337},"43":{"loc":{"start":{"line":343,"column":20},"end":{"line":345,"column":21}},"type":"if","locations":[{"start":{"line":343,"column":20},"end":{"line":345,"column":21}},{"start":{},"end":{}}],"line":343},"44":{"loc":{"start":{"line":394,"column":8},"end":{"line":396,"column":9}},"type":"if","locations":[{"start":{"line":394,"column":8},"end":{"line":396,"column":9}},{"start":{},"end":{}}],"line":394},"45":{"loc":{"start":{"line":398,"column":8},"end":{"line":400,"column":9}},"type":"if","locations":[{"start":{"line":398,"column":8},"end":{"line":400,"column":9}},{"start":{},"end":{}}],"line":398},"46":{"loc":{"start":{"line":406,"column":17},"end":{"line":406,"column":26}},"type":"default-arg","locations":[{"start":{"line":406,"column":24},"end":{"line":406,"column":26}}],"line":406},"47":{"loc":{"start":{"line":407,"column":8},"end":{"line":409,"column":9}},"type":"if","locations":[{"start":{"line":407,"column":8},"end":{"line":409,"column":9}},{"start":{},"end":{}}],"line":407}},"s":{"0":0,"1":0,"2":0,"3":0,"4":0,"5":0,"6":0,"7":0,"8":0,"9":0,"10":0,"11":0,"12":0,"13":0,"14":0,"15":0,"16":0,"17":0,"18":0,"19":0,"20":0,"21":0,"22":0,"23":0,"24":0,"25":0,"26":0,"27":0,"28":0,"29":0,"30":0,"31":0,"32":0,"33":0,"34":0,"35":0,"36":0,"37":0,"38":0,"39":0,"40":0,"41":0,"42":0,"43":0,"44":0,"45":0,"46":0,"47":0,"48":0,"49":0,"50":0,"51":0,"52":0,"53":0,"54":0,"55":0,"56":0,"57":0,"58":0,"59":0,"60":0,"61":0,"62":0,"63":0,"64":0,"65":0,"66":0,"67":0,"68":0,"69":0,"70":0,"71":0,"72":0,"73":0,"74":0,"75":0,"76":0,"77":0,"78":0,"79":0,"80":0,"81":0,"82":0,"83":0,"84":0,"85":0,"86":0,"87":0,"88":0,"89":0,"90":0,"91":0,"92":0,"93":0,"94":0,"95":0,"96":0,"97":0,"98":0,"99":0,"100":0,"101":0,"102":0,"103":0,"104":0,"105":0,"106":0,"107":0,"108":0,"109":0,"110":0,"111":0,"112":0,"113":0,"114":0,"115":0,"116":0,"117":0,"118":0,"119":0,"120":0,"121":0,"122":0,"123":0,"124":0,"125":0,"126":0,"127":0,"128":0,"129":0,"130":0,"131":0,"132":0,"133":0,"134":0,"135":0,"136":0,"137":0,"138":0,"139":0,"140":0,"141":0,"142":0,"143":0,"144":0,"145":0,"146":0,"147":0,"148":0,"149":0,"150":0,"151":0,"152":0,"153":0,"154":0,"155":0,"156":0,"157":0,"158":0,"159":0,"160":0,"161":0,"162":0,"163":0,"164":0,"165":0,"166":0,"167":0,"168":0,"169":0,"170":0,"171":0,"172":0},"f":{"0":0,"1":0,"2":0,"3":0,"4":0,"5":0,"6":0,"7":0,"8":0,"9":0,"10":0,"11":0,"12":0,"13":0,"14":0,"15":0,"16":0,"17":0,"18":0,"19":0,"20":0,"21":0,"22":0,"23":0},"b":{"0":[0],"1":[0,0],"2":[0,0],"3":[0,0],"4":[0,0],"5":[0,0],"6":[0,0],"7":[0,0],"8":[0],"9":[0,0],"10":[0,0],"11":[0],"12":[0,0],"13":[0,0],"14":[0],"15":[0],"16":[0],"17":[0],"18":[0],"19":[0],"20":[0,0],"21":[0,0],"22":[0,0],"23":[0,0],"24":[0,0],"25":[0],"26":[0,0],"27":[0,0],"28":[0],"29":[0,0],"30":[0,0],"31":[0,0],"32":[0],"33":[0,0],"34":[0,0],"35":[0,0],"36":[0,0,0],"37":[0,0],"38":[0,0],"39":[0],"40":[0,0],"41":[0,0],"42":[0,0],"43":[0,0],"44":[0,0],"45":[0,0],"46":[0],"47":[0,0]}}
[...]
e":456,"column":43}},"161":{"start":{"line":459,"column":32},"end":{"line":459,"column":43}},"162":{"start":{"line":466,"column":27},"end":{"line":466,"column":79}},"163":{"start":{"line":468,"column":8},"end":{"line":485,"column":9}},"164":{"start":{"line":469,"column":26},"end":{"line":469,"column":64}},"165":{"start":{"line":471,"column":12},"end":{"line":482,"column":13}},"166":{"start":{"line":472,"column":16},"end":{"line":481,"column":17}},"167":{"start":{"line":473,"column":38},"end":{"line":473,"column":78}},"168":{"start":{"line":474,"column":20},"end":{"line":480,"column":21}},"169":{"start":{"line":475,"column":41},"end":{"line":475,"column":61}},"170":{"start":{"line":476,"column":24},"end":{"line":479,"column":25}},"171":{"start":{"line":477,"column":28},"end":{"line":477,"column":83}},"172":{"start":{"line":478,"column":28},"end":{"line":478,"column":79}},"173":{"start":{"line":484,"column":12},"end":{"line":484,"column":74}},"174":{"start":{"line":489,"column":8},"end":{"line":489,"column":30}},"175":{"start":{"line":490,"column":8},"end":{"line":490,"column":33}},"176":{"start":{"line":491,"column":8},"end":{"line":491,"column":33}},"177":{"start":{"line":492,"column":8},"end":{"line":492,"column":29}},"178":{"start":{"line":494,"column":8},"end":{"line":494,"column":46}},"179":{"start":{"line":495,"column":8},"end":{"line":495,"column":30}},"180":{"start":{"line":499,"column":8},"end":{"line":501,"column":9}},"181":{"start":{"line":500,"column":12},"end":{"line":500,"column":56}},"182":{"start":{"line":505,"column":8},"end":{"line":505,"column":62}},"183":{"start":{"line":509,"column":0},"end":{"line":509,"column":33}}},"fnMap":{"0":{"name":"(anonymous_0)","decl":{"start":{"line":12,"column":4},"end":{"line":12,"column":5}},"loc":{"start":{"line":12,"column":29},"end":{"line":80,"column":5}},"line":12},"1":{"name":"(anonymous_1)","decl":{"start":{"line":82,"column":4},"end":{"line":82,"column":5}},"loc":{"start":{"line":82,"column":23},"end":{"line":104,"column":5}},"line":82},"2":{"name":"(anonymous_2)","decl":{"start":{"line":107,"column":4},"end":{"line":107,"column":5}},"loc":{"start":{"line":107,"column":33},"end":{"line":120,"column":5}},"line":107},"3":{"name":"(anonymous_3)","decl":{"start":{"line":122,"column":4},"end":{"line":122,"column":5}},"loc":{"start":{"line":122,"column":31},"end":{"line":141,"column":5}},"line":122},"4":{"name":"(anonymous_4)","decl":{"start":{"line":143,"column":4},"end":{"line":143,"column":5}},"loc":{"start":{"line":143,"column":35},"end":{"line":160,"column":5}},"line":143},"5":{"name":"(anonymous_5)","decl":{"start":{"line":162,"column":4},"end":{"line":162,"column":5}},"loc":{"start":{"line":162,"column":37},"end":{"line":181,"column":5}},"line":162},"6":{"name":"(anonymous_6)","decl":{"start":{"line":183,"column":4},"end":{"line":183,"column":5}},"loc":{"start":{"line":183,"column":41},"end":{"line":197,"column":5}},"line":183},"7":{"name":"(anonymous_7)","decl":{"start":{"line":199,"column":4},"end":{"line":199,"column":5}},"loc":{"start":{"line":199,"column":86},"end":{"line":233,"column":5}},"line":199},"8":{"name":"(anonymous_8)","decl":{"start":{"line":235,"column":4},"end":{"line":235,"column":5}},"loc":{"start":{"line":235,"column":45},"end":{"line":258,"column":5}},"line":235},"9":{"name":"(anonymous_9)","decl":{"start":{"line":260,"column":4},"end":{"line":260,"column":5}},"loc":{"start":{"line":260,"column":36},"end":{"line":272,"column":5}},"line":260},"10":{"name":"(anonymous_10)","decl":{"start":{"line":274,"column":4},"end":{"line":274,"column":5}},"loc":{"start":{"line":274,"column":31},"end":{"line":290,"column":5}},"line":274},"11":{"name":"(anonymous_11)","decl":{"start":{"line":277,"column":52},"end":{"line":277,"column":53}},"loc":{"start":{"line":277,"column":62},"end":{"line":277,"column":67}},"line":277},"12":{"name":"(anonymous_12)","decl":{"start":{"line":282,"column":26},"end":{"line":282,"column":27}},"loc":{"start":{"line":282,"column":41},"end":{"line":282,"column":51}},"line":282},"13":{"name":"(anonymous_13)","decl":{"start":{"line":292,"column":4},"end":{"line":292,"column":5}},"loc":{"start":{"line":292,"column":30},"end":{"line":310,"column":5}},"line":292},"14":{"name":"(anonymous_14)","decl":{"start":{"line":312,"column":4},"end":{"line":312,"column":5}},"loc":{"start":{"line":312,"column":25},"end":{"line":327,"column":5}},"line":312},"15":{"name":"(anonymous_15)","decl":{"start":{"line":329,"column":4},"end":{"line":329,"column":5}},"loc":{"start":{"line":329,"column":24},"end":{"line":352,"column":5}},"line":329},"16":{"name":"(anonymous_16)","decl":{"start":{"line":354,"column":4},"end":{"line":354,"column":5}},"loc":{"start":{"line":354,"column":22},"end":{"line":359,"column":5}},"line":354},"17":{"name":"(anonymous_17)","decl":{"start":{"line":355,"column":38},"end":{"line":355,"column":39}},"loc":{"start":{"line":355,"column":44},"end":{"line":358,"column":9}},"line":355},"18":{"name":"(anonymous_18)","decl":{"start":{"line":361,"column":4},"end":{"line":361,"column":5}},"loc":{"start":{"line":361,"column":21},"end":{"line":366,"column":5}},"line":361},"19":{"name":"(anonymous_19)","decl":{"start":{"line":368,"column":4},"end":{"line":368,"column":5}},"loc":{"start":{"line":368,"column":24},"end":{"line":391,"column":5}},"line":368},"20":{"name":"(anonymous_20)","decl":{"start":{"line":393,"column":4},"end":{"line":393,"column":5}},"loc":{"start":{"line":393,"column":24},"end":{"line":421,"column":5}},"line":393},"21":{"name":"(anonymous_21)","decl":{"start":{"line":423,"column":4},"end":{"line":423,"column":5}},"loc":{"start":{"line":423,"column":17},"end":{"line":437,"column":5}},"line":423},"22":{"name":"(anonymous_22)","decl":{"start":{"line":439,"column":4},"end":{"line":439,"column":5}},"loc":{"start":{"line":439,"column":21},"end":{"line":463,"column":5}},"line":439},"23":{"name":"(anonymous_23)","decl":{"start":{"line":456,"column":22},"end":{"line":456,"column":23}},"loc":{"start":{"line":456,"column":32},"end":{"line":456,"column":43}},"line":456},"24":{"name":"(anonymous_24)","decl":{"start":{"line":459,"column":22},"end":{"line":459,"column":23}},"loc":{"start":{"line":459,"column":32},"end":{"line":459,"column":43}},"line":459},"25":{"name":"(anonymous_25)","decl":{"start":{"line":465,"column":4},"end":{"line":465,"column":5}},"loc":{"start":{"line":465,"column":20},"end":{"line":486,"column":5}},"line":465},"26":{"name":"(anonymous_26)","decl":{"start":{"line":488,"column":4},"end":{"line":488,"column":5}},"loc":{"start":{"line":488,"column":21},"end":{"line":496,"column":5}},"line":488},"27":{"name":"(anonymous_27)","decl":{"start":{"line":498,"column":4},"end":{"line":498,"column":5}},"loc":{"start":{"line":498,"column":28},"end":{"line":502,"column":5}},"line":498},"28":{"name":"(anonymous_28)","decl":{"start":{"line":504,"column":4},"end":{"line":504,"column":5}},"loc":{"start":{"line":504,"column":29},"end":{"line":506,"column":5}},"line":504}},"branchMap":{"0":{"loc":{"start":{"line":12,"column":16},"end":{"line":12,"column":27}},"type":"default-arg","locations":[{"start":{"line":12,"column":25},"end":{"line":12,"column":27}}],"line":12},"1":{"loc":{"start":{"line":17,"column":22},"end":{"line":17,"column":94}},"type":"binary-expr","locations":[{"start":{"line":17,"column":22},"end":{"line":17,"column":37}},{"start":{"line":17,"column":41},"end":{"line":17,"column":94}}],"line":17},"2":{"loc":{"start":{"line":18,"column":27},"end":{"line":18,"column":53}},"type":"binary-expr","locations":[{"start":{"line":18,"column":27},"end":{"line":18,"column":47}},{"start":{"line":18,"column":51},"end":{"line":18,"column":53}}],"line":18},"3":{"loc":{"start":{"line":19,"column":23},"end":{"line":19,"column":46}},"type":"binary-expr","locations":[{"start":{"line":19,"column":23},"end":{"line":19,"column":39}},{"start":{"line":19,"column":43},"end":{"line":19,"column":46}}],"line":19},"4":{"loc":{"start":{"line":20,"column":27},"end":{"line":20,"column":56}},"type":"binary-expr","locations":[{"start":{"line":20,"column":27},"end":{"line":20,"column":47}},{"start":{"line":20,"column":51},"end":{"line":20,"column":56}}],"line":20},"5":{"loc":{"start":{"line":21,"column":19},"end":{"line":21,"column":40}},"type":"binary-expr","locations":[{"start":{"line":21,"column":19},"end":{"line":21,"column":31}},{"start":{"line":21,"column":35},"end":{"line":21,"column":40}}],"line":21},"6":{"loc":{"start":{"line":83,"column":8},"end":{"line":83,"column":37}},"type":"if","locations":[{"start":{"line":83,"column":8},"end":{"line":83,"column":37}},{"start":{},"end":{}}],"line":83},"7":{"loc":{"start":{"line":93,"column":12},"end":{"line":95,"column":13}},"type":"if","locations":[{"start":{"line":93,"column":12},"end":{"line":95,"column":13}},{"start":{},"end":{}}],"line":93},"8":{"loc":{"start":{"line":108,"column":8},"end":{"line":108,"column":41}},"type":"if","locations":[{"start":{"line":108,"column":8},"end":{"line":108,"column":41}},{"start":{},"end":{}}],"line":108},"9":{"loc":{"start":{"line":123,"column":8},"end":{"line":123,"column":41}},"type":"if","locations":[{"start":{"line":123,"column":8},"end":{"line":123,"column":41}},{"start":{},"end":{}}],"line":123},"10":{"loc":{"start":{"line":144,"column":8},"end":{"line":144,"column":41}},"type":"if","locations":[{"start":{"line":144,"column":8},"end":{"line":144,"column":41}},{"start":{},"end":{}}],"line":144},"11":{"loc":{"start":{"line":149,"column":22},"end":{"line":149,"column":75}},"type":"binary-expr","locations":[{"start":{"line":149,"column":22},"end":{"line":149,"column":70}},{"start":{"line":149,"column":74},"end":{"line":149,"column":75}}],"line":149},"12":{"loc":{"start":{"line":163,"column":8},"end":{"line":163,"column":41}},"type":"if","locations":[{"start":{"line":163,"column":8},"end":{"line":163,"column":41}},{"start":{},"end":{}}],"line":163},"13":{"loc":{"start":{"line":184,"column":8},"end":{"line":184,"column":41}},"type":"if","locations":[{"start":{"line":184,"column":8},"end":{"line":184,"column":41}},{"start":{},"end":{}}],"line":184},"14":{"loc":{"start":{"line":193,"column":23},"end":{"line":193,"column":67}},"type":"binary-expr","locations":[{"start":{"line":193,"column":23},"end":{"line":193,"column":39}},{"start":{"line":193,"column":43},"end":{"line":193,"column":67}}],"line":193},"15":{"loc":{"start":{"line":199,"column":52},"end":{"line":199,"column":66}},"type":"default-arg","locations":[{"start":{"line":199,"column":62},"end":{"line":199,"column":66}}],"line":199},"16":{"loc":{"start":{"line":199,"column":68},"end":{"line":199,"column":84}},"type":"default-arg","locations":[{"start":{"line":199,"column":83},"end":{"line":199,"column":84}}],"line":199},"17":{"loc":{"start":{"line":200,"column":8},"end":{"line":200,"column":41}},"type":"if","locations":[{"start":{"line":200,"column":8},"end":{"line":200,"column":41}},{"start":{},"end":{}}],"line":200},"18":{"loc":{"start":{"line":204,"column":8},"end":{"line":221,"column":9}},"type":"switch","locations":[{"start":{"line":205,"column":12},"end":{"line":207,"column":22}},{"start":{"line":208,"column":12},"end":{"line":217,"column":22}},{"start":{"line":218,"column":12},"end":{"line":220,"column":22}}],"line":204},"19":{"loc":{"start":{"line":210,"column":16},"end":{"line":216,"column":17}},"type":"if","locations":[{"start":{"line":210,"column":16},"end":{"line":216,"column":17}},{"start":{},"end":{}}],"line":210},"20":{"loc":{"start":{"line":215,"column":68},"end":{"line":215,"column":83}},"type":"cond-expr","locations":[{"start":{"line":215,"column":78},"end":{"line":215,"column":79}},{"start":{"line":215,"column":82},"end":{"line":215,"column":83}}],"line":215},"21":{"loc":{"start":{"line":235,"column":22},"end":{"line":235,"column":43}},"type":"default-arg","locations":[{"start":{"line":235,"column":34},"end":{"line":235,"column":43}}],"line":235},"22":{"loc":{"start":{"line":236,"column":8},"end":{"line":236,"column":41}},"type":"if","locations":[{"start":{"line":236,"column":8},"end":{"line":236,"column":41}},{"start":{},"end":{}}],"line":236},"23":{"loc":{"start":{"line":241,"column":26},"end":{"line":241,"column":54}},"type":"binary-expr","locations":[{"start":{"line":241,"column":26},"end":{"line":241,"column":36}},{"start":{"line":241,"column":40},"end":{"line":241,"column":54}}],"line":241},"24":{"loc":{"start":{"line":242,"column":26},"end":{"line":242,"column":72}},"type":"binary-expr","locations":[{"start":{"line":242,"column":26},"end":{"line":242,"column":67}},{"start":{"line":242,"column":71},"end":{"line":242,"column":72}}],"line":242},"25":{"loc":{"start":{"line":246,"column":31},"end":{"line":246,"column":82}},"type":"binary-expr","locations":[{"start":{"line":246,"column":31},"end":{"line":246,"column":77}},{"start":{"line":246,"column":81},"end":{"line":246,"column":82}}],"line":246},"26":{"loc":{"start":{"line":261,"column":8},"end":{"line":261,"column":58}},"type":"if","locations":[{"start":{"line":261,"column":8},"end":{"line":261,"column":58}},{"start":{},"end":{}}],"line":261},"27":{"loc":{"start":{"line":261,"column":12},"end":{"line":261,"column":49}},"type":"binary-expr","locations":[{"start":{"line":261,"column":12},"end":{"line":261,"column":32}},{"start":{"line":261,"column":36},"end":{"line":261,"column":49}}],"line":261},"28":{"loc":{"start":{"line":266,"column":8},"end":{"line":268,"column":9}},"type":"if","locations":[{"start":{"line":266,"column":8},"end":{"line":268,"column":9}},{"start":{},"end":{}}],"line":266},"29":{"loc":{"start":{"line":275,"column":8},"end":{"line":275,"column":52}},"type":"if","locations":[{"start":{"line":275,"column":8},"end":{"line":275,"column":52}},{"start":{},"end":{}}],"line":275},"30":{"loc":{"start":{"line":288,"column":52},"end":{"line":288,"column":73}},"type":"binary-expr","locations":[{"start":{"line":288,"column":52},"end":{"line":288,"column":68}},{"start":{"line":288,"column":72},"end":{"line":288,"column":73}}],"line":288},"31":{"loc":{"start":{"line":289,"column":52},"end":{"line":289,"column":73}},"type":"binary-expr","locations":[{"start":{"line":289,"column":52},"end":{"line":289,"column":68}},{"start":{"line":289,"column":72},"end":{"line":289,"column":73}}],"line":289},"32":{"loc":{"start":{"line":299,"column":12},"end":{"line":304,"column":13}},"type":"if","locations":[{"start":{"line":299,"column":12},"end":{"line":304,"column":13}},{"start":{"line":301,"column":19},"end":{"line":304,"column":13}}],"line":299},"33":{"loc":{"start":{"line":322,"column":8},"end":{"line":324,"column":9}},"type":"if","locations":[{"start":{"line":322,"column":8},"end":{"line":324,"column":9}},{"start":{},"end":{}}],"line":322},"34":{"loc":{"start":{"line":330,"column":8},"end":{"line":330,"column":50}},"type":"if","locations":[{"start":{"line":330,"column":8},"end":{"line":330,"column":50}},{"start":{},"end":{}}],"line":330},"35":{"loc":{"start":{"line":341,"column":12},"end":{"line":343,"column":13}},"type":"if","locations":[{"start":{"line":341,"column":12},"end":{"line":343,"column":13}},{"start":{},"end":{}}],"line":341},"36":{"loc":{"start":{"line":362,"column":8},"end":{"line":365,"column":9}},"type":"if","locations":[{"start":{"line":362,"column":8},"end":{"line":365,"column":9}},{"start":{},"end":{}}],"line":362},"37":{"loc":{"start":{"line":397,"column":12},"end":{"line":417,"column":13}},"type":"if","locations":[{"start":{"line":397,"column":12},"end":{"line":417,"column":13}},{"start":{},"end":{}}],"line":397},"38":{"loc":{"start":{"line":404,"column":16},"end":{"line":406,"column":17}},"type":"if","locations":[{"start":{"line":404,"column":16},"end":{"line":406,"column":17}},{"start":{},"end":{}}],"line":404},"39":{"loc":{"start":{"line":408,"column":16},"end":{"line":410,"column":17}},"type":"if","locations":[{"start":{"line":408,"column":16},"end":{"line":410,"column":17}},{"start":{},"end":{}}],"line":408},"40":{"loc":{"start":{"line":412,"column":16},"end":{"line":414,"column":17}},"type":"if","locations":[{"start":{"line":412,"column":16},"end":{"line":414,"column":17}},{"start":{},"end":{}}],"line":412},"41":{"loc":{"start":{"line":447,"column":29},"end":{"line":448,"column":110}},"type":"cond-expr","locations":[{"start":{"line":448,"column":20},"end":{"line":448,"column":103}},{"start":{"line":448,"column":106},"end":{"line":448,"column":110}}],"line":447},"42":{"loc":{"start":{"line":449,"column":27},"end":{"line":450,"column":107}},"type":"cond-expr","locations":[{"start":{"line":450,"column":20},"end":{"line":450,"column":100}},{"start":{"line":450,"column":103},"end":{"line":450,"column":107}}],"line":449},"43":{"loc":{"start":{"line":472,"column":16},"end":{"line":481,"column":17}},"type":"if","locations":[{"start":{"line":472,"column":16},"end":{"line":481,"column":17}},{"start":{},"end":{}}],"line":472},"44":{"loc":{"start":{"line":472,"column":20},"end":{"line":472,"column":72}},"type":"binary-expr","locations":[{"start":{"line":472,"column":20},"end":{"line":472,"column":46}},{"start":{"line":472,"column":50},"end":{"line":472,"column":72}}],"line":472},"45":{"loc":{"start":{"line":474,"column":20},"end":{"line":480,"column":21}},"type":"if","locations":[{"start":{"line":474,"column":20},"end":{"line":480,"column":21}},{"start":{},"end":{}}],"line":474},"46":{"loc":{"start":{"line":476,"column":24},"end":{"line":479,"column":25}},"type":"if","locations":[{"start":{"line":476,"column":24},"end":{"line":479,"column":25}},{"start":{},"end":{}}],"line":476},"47":{"loc":{"start":{"line":498,"column":17},"end":{"line":498,"column":26}},"type":"default-arg","locations":[{"start":{"line":498,"column":24},"end":{"line":498,"column":26}}],"line":498},"48":{"loc":{"start":{"line":499,"column":8},"end":{"line":501,"column":9}},"type":"if","locations":[{"start":{"line":499,"column":8},"end":{"line":501,"column":9}},{"start":{},"end":{}}],"line":499}},"s":{"0":0,"1":0,"2":0,"3":0,"4":0,"5":0,"6":0,"7":0,"8":0,"9":0,"10":0,"11":0,"12":0,"13":0,"14":0,"15":0,"16":0,"17":0,"18":0,"19":0,"20":0,"21":0,"22":0,"23":0,"24":0,"25":0,"26":0,"27":0,"28":0,"29":0,"30":0,"31":0,"32":0,"33":0,"34":0,"35":0,"36":0,"37":0,"38":0,"39":0,"40":0,"41":0,"42":0,"43":0,"44":0,"45":0,"46":0,"47":0,"48":0,"49":0,"50":0,"51":0,"52":0,"53":0,"54":0,"55":0,"56":0,"57":0,"58":0,"59":0,"60":0,"61":0,"62":0,"63":0,"64":0,"65":0,"66":0,"67":0,"68":0,"69":0,"70":0,"71":0,"72":0,"73":0,"74":0,"75":0,"76":0,"77":0,"78":0,"79":0,"80":0,"81":0,"82":0,"83":0,"84":0,"85":0,"86":0,"87":0,"88":0,"89":0,"90":0,"91":0,"92":0,"93":0,"94":0,"95":0,"96":0,"97":0,"98":0,"99":0,"100":0,"101":0,"102":0,"103":0,"104":0,"105":0,"106":0,"107":0,"108":0,"109":0,"110":0,"111":0,"112":0,"113":0,"114":0,"115":0,"116":0,"117":0,"118":0,"119":0,"120":0,"121":0,"122":0,"123":0,"124":0,"125":0,"126":0,"127":0,"128":0,"129":0,"130":0,"131":0,"132":0,"133":0,"134":0,"135":0,"136":0,"137":0,"138":0,"139":0,"140":0,"141":0,"142":0,"143":0,"144":0,"145":0,"146":0,"147":0,"148":0,"149":0,"150":0,"151":0,"152":0,"153":0,"154":0,"155":0,"156":0,"157":0,"158":0,"159":0,"160":0,"161":0,"162":0,"163":0,"164":0,"165":0,"166":0,"167":0,"168":0,"169":0,"170":0,"171":0,"172":0,"173":0,"174":0,"175":0,"176":0,"177":0,"178":0,"179":0,"180":0,"181":0,"182":0,"183":0},"f":{"0":0,"1":0,"2":0,"3":0,"4":0,"5":0,"6":0,"7":0,"8":0,"9":0,"10":0,"11":0,"12":0,"13":0,"14":0,"15":0,"16":0,"17":0,"18":0,"19":0,"20":0,"21":0,"22":0,"23":0,"24":0,"25":0,"26":0,"27":0,"28":0},"b":{"0":[0],"1":[0,0],"2":[0,0],"3":[0,0],"4":[0,0],"5":[0,0],"6":[0,0],"7":[0,0],"8":[0,0],"9":[0,0],"10":[0,0],"11":[0,0],"12":[0,0],"13":[0,0],"14":[0,0],"15":[0],"16":[0],"17":[0,0],"18":[0,0,0],"19":[0,0],"20":[0,0],"21":[0],"22":[0,0],"23":[0,0],"24":[0,0],"25":[0,0],"26":[0,0],"27":[0,0],"28":[0,0],"29":[0,0],"30":[0,0],"31":[0,0],"32":[0,0],"33":[0,0],"34":[0,0],"35":[0,0],"36":[0,0],"37":[0,0],"38":[0,0],"39":[0,0],"40":[0,0],"41":[0,0],"42":[0,0],"43":[0,0],"44":[0,0],"45":[0,0],"46":[0,0],"47":[0],"48":[0,0]}}
}
