TN:
SF:api/index.js
FN:77,(anonymous_0)
FN:96,(anonymous_1)
FN:115,(anonymous_2)
FN:134,(anonymous_3)
FN:153,(anonymous_4)
FN:196,(anonymous_5)
FN:234,(anonymous_6)
FN:250,(anonymous_7)
FN:254,(anonymous_8)
FN:266,(anonymous_9)
FN:277,(anonymous_10)
FN:293,(anonymous_11)
FN:320,(anonymous_12)
FN:344,(anonymous_13)
FN:360,(anonymous_14)
FN:369,(anonymous_15)
FNF:16
FNH:0
FNDA:0,(anonymous_0)
FNDA:0,(anonymous_1)
FNDA:0,(anonymous_2)
FNDA:0,(anonymous_3)
FNDA:0,(anonymous_4)
FNDA:0,(anonymous_5)
FNDA:0,(anonymous_6)
FNDA:0,(anonymous_7)
FNDA:0,(anonymous_8)
FNDA:0,(anonymous_9)
FNDA:0,(anonymous_10)
FNDA:0,(anonymous_11)
FNDA:0,(anonymous_12)
FNDA:0,(anonymous_13)
FNDA:0,(anonymous_14)
FNDA:0,(anonymous_15)
DA:6,0
DA:7,0
DA:8,0
DA:9,0
DA:10,0
DA:11,0
DA:12,0
DA:13,0
DA:14,0
DA:17,0
DA:20,0
DA:23,0
DA:24,0
DA:47,0
DA:52,0
DA:55,0
DA:56,0
DA:59,0
DA:60,0
DA:63,0
DA:69,0
DA:70,0
DA:71,0
DA:72,0
DA:73,0
DA:76,0
DA:77,0
DA:78,0
DA:82,0
DA:85,0
DA:87,0
DA:90,0
DA:96,0
DA:97,0
DA:98,0
DA:99,0
DA:109,0
DA:110,0
DA:115,0
DA:116,0
DA:117,0
DA:118,0
DA:128,0
DA:129,0
DA:134,0
DA:135,0
DA:136,0
DA:137,0
DA:147,0
DA:148,0
DA:153,0
DA:154,0
DA:155,0
DA:157,0
DA:158,0
DA:165,0
DA:166,0
DA:190,0
DA:191,0
DA:196,0
DA:197,0
DA:198,0
DA:199,0
DA:202,0
DA:207,0
DA:208,0
DA:215,0
DA:216,0
DA:228,0
DA:229,0
DA:234,0
DA:235,0
DA:246,0
DA:247,0
DA:250,0
DA:251,0
DA:254,0
DA:255,0
DA:256,0
DA:258,0
DA:259,0
DA:262,0
DA:266,0
DA:267,0
DA:268,0
DA:271,0
DA:277,0
DA:285,0
DA:287,0
DA:288,0
DA:293,0
DA:294,0
DA:295,0
DA:298,0
DA:307,0
DA:309,0
DA:314,0
DA:315,0
DA:320,0
DA:321,0
DA:323,0
DA:325,0
DA:344,0
DA:345,0
DA:353,0
DA:356,0
DA:360,0
DA:361,0
DA:369,0
DA:370,0
DA:371,0
DA:380,0
LF:112
LH:0
BRDA:20,0,0,0
BRDA:20,0,1,0
BRDA:72,1,0,0
BRDA:72,1,1,0
BRDA:76,2,0,0
BRDA:76,2,1,0
BRDA:76,3,0,0
BRDA:76,3,1,0
BRDA:157,4,0,0
BRDA:157,4,1,0
BRDA:207,5,0,0
BRDA:207,5,1,0
BRDA:207,6,0,0
BRDA:207,6,1,0
BRDA:258,7,0,0
BRDA:258,7,1,0
BRDA:374,8,0,0
BRDA:374,8,1,0
BRF:18
BRH:0
end_of_record
TN:
SF:api/claude-flow/index.js
FN:16,(anonymous_0)
FN:42,(anonymous_1)
FN:55,(anonymous_2)
FN:82,(anonymous_3)
FN:109,(anonymous_4)
FN:137,(anonymous_5)
FN:144,(anonymous_6)
FN:165,(anonymous_7)
FN:192,(anonymous_8)
FN:234,(anonymous_9)
FN:262,(anonymous_10)
FN:287,(anonymous_11)
FN:313,(anonymous_12)
FN:347,(anonymous_13)
FN:377,(anonymous_14)
FN:403,(anonymous_15)
FN:429,(anonymous_16)
FNF:17
FNH:0
FNDA:0,(anonymous_0)
FNDA:0,(anonymous_1)
FNDA:0,(anonymous_2)
FNDA:0,(anonymous_3)
FNDA:0,(anonymous_4)
FNDA:0,(anonymous_5)
FNDA:0,(anonymous_6)
FNDA:0,(anonymous_7)
FNDA:0,(anonymous_8)
FNDA:0,(anonymous_9)
FNDA:0,(anonymous_10)
FNDA:0,(anonymous_11)
FNDA:0,(anonymous_12)
FNDA:0,(anonymous_13)
FNDA:0,(anonymous_14)
FNDA:0,(anonymous_15)
FNDA:0,(anonymous_16)
DA:6,0
DA:7,0
DA:8,0
DA:9,0
DA:11,0
DA:14,0
DA:16,0
DA:17,0
DA:18,0
DA:21,0
DA:23,0
DA:27,0
DA:33,0
DA:39,0
DA:42,0
DA:43,0
DA:44,0
DA:45,0
DA:51,0
DA:55,0
DA:56,0
DA:57,0
DA:58,0
DA:60,0
DA:67,0
DA:78,0
DA:83,0
DA:84,0
DA:85,0
DA:87,0
DA:93,0
DA:98,0
DA:107,0
DA:110,0
DA:111,0
DA:112,0
DA:114,0
DA:116,0
DA:117,0
DA:123,0
DA:128,0
DA:137,0
DA:138,0
DA:139,0
DA:140,0
DA:142,0
DA:144,0
DA:154,0
DA:163,0
DA:166,0
DA:167,0
DA:168,0
DA:170,0
DA:172,0
DA:177,0
DA:188,0
DA:193,0
DA:194,0
DA:195,0
DA:198,0
DA:199,0
DA:200,0
DA:204,0
DA:207,0
DA:212,0
DA:223,0
DA:232,0
DA:235,0
DA:236,0
DA:237,0
DA:239,0
DA:241,0
DA:242,0
DA:248,0
DA:253,0
DA:262,0
DA:263,0
DA:264,0
DA:265,0
DA:267,0
DA:272,0
DA:283,0
DA:288,0
DA:289,0
DA:290,0
DA:292,0
DA:294,0
DA:301,0
DA:310,0
DA:314,0
DA:315,0
DA:316,0
DA:318,0
DA:320,0
DA:321,0
DA:327,0
DA:334,0
DA:343,0
DA:348,0
DA:349,0
DA:350,0
DA:352,0
DA:358,0
DA:364,0
DA:373,0
DA:378,0
DA:379,0
DA:380,0
DA:383,0
DA:389,0
DA:394,0
DA:403,0
DA:404,0
DA:405,0
DA:406,0
DA:407,0
DA:408,0
DA:410,0
DA:420,0
DA:429,0
DA:430,0
DA:432,0
DA:439,0
LF:123
LH:0
BRDA:17,0,0,0
BRDA:17,0,1,0
BRDA:44,1,0,0
BRDA:44,1,1,0
BRDA:116,2,0,0
BRDA:116,2,1,0
BRDA:195,3,0,0
BRDA:199,4,0,0
BRDA:199,4,1,0
BRDA:241,5,0,0
BRDA:241,5,1,0
BRDA:290,6,0,0
BRDA:320,7,0,0
BRDA:320,7,1,0
BRDA:350,8,0,0
BRDA:380,9,0,0
BRDA:380,10,0,0
BRDA:435,11,0,0
BRDA:435,11,1,0
BRF:19
BRH:0
end_of_record
TN:
SF:lib/claude-flow/ClaudeFlowEngine.js
FN:15,(anonymous_0)
FN:51,(anonymous_1)
FN:107,(anonymous_2)
FN:109,(anonymous_3)
FN:114,(anonymous_4)
FN:119,(anonymous_5)
FN:124,(anonymous_6)
FN:130,(anonymous_7)
FN:137,(anonymous_8)
FN:142,(anonymous_9)
FN:148,(anonymous_10)
FN:149,(anonymous_11)
FN:159,(anonymous_12)
FN:177,(anonymous_13)
FN:181,(anonymous_14)
FN:192,(anonymous_15)
FN:211,(anonymous_16)
FN:215,(anonymous_17)
FN:219,(anonymous_18)
FN:223,(anonymous_19)
FN:237,(anonymous_20)
FN:251,(anonymous_21)
FN:273,(anonymous_22)
FN:307,(anonymous_23)
FN:318,(anonymous_24)
FN:321,(anonymous_25)
FN:335,(anonymous_26)
FNF:27
FNH:0
FNDA:0,(anonymous_0)
FNDA:0,(anonymous_1)
FNDA:0,(anonymous_2)
FNDA:0,(anonymous_3)
FNDA:0,(anonymous_4)
FNDA:0,(anonymous_5)
FNDA:0,(anonymous_6)
FNDA:0,(anonymous_7)
FNDA:0,(anonymous_8)
FNDA:0,(anonymous_9)
FNDA:0,(anonymous_10)
FNDA:0,(anonymous_11)
FNDA:0,(anonymous_12)
FNDA:0,(anonymous_13)
FNDA:0,(anonymous_14)
FNDA:0,(anonymous_15)
FNDA:0,(anonymous_16)
FNDA:0,(anonymous_17)
FNDA:0,(anonymous_18)
FNDA:0,(anonymous_19)
FNDA:0,(anonymous_20)
FNDA:0,(anonymous_21)
FNDA:0,(anonymous_22)
FNDA:0,(anonymous_23)
FNDA:0,(anonymous_24)
FNDA:0,(anonymous_25)
FNDA:0,(anonymous_26)
DA:6,0
DA:7,0
DA:8,0
DA:9,0
DA:10,0
DA:11,0
DA:12,0
DA:16,0
DA:18,0
DA:28,0
DA:29,0
DA:30,0
DA:33,0
DA:34,0
DA:35,0
DA:36,0
DA:39,0
DA:40,0
DA:41,0
DA:48,0
DA:52,0
DA:53,0
DA:56,0
DA:57,0
DA:60,0
DA:65,0
DA:67,0
DA:72,0
DA:74,0
DA:79,0
DA:82,0
DA:86,0
DA:89,0
DA:92,0
DA:93,0
DA:96,0
DA:97,0
DA:98,0
DA:100,0
DA:102,0
DA:103,0
DA:109,0
DA:110,0
DA:111,0
DA:114,0
DA:115,0
DA:119,0
DA:120,0
DA:121,0
DA:124,0
DA:125,0
DA:126,0
DA:127,0
DA:130,0
DA:131,0
DA:132,0
DA:133,0
DA:137,0
DA:138,0
DA:139,0
DA:142,0
DA:143,0
DA:144,0
DA:149,0
DA:150,0
DA:151,0
DA:152,0
DA:154,0
DA:160,0
DA:161,0
DA:164,0
DA:171,0
DA:172,0
DA:174,0
DA:178,0
DA:182,0
DA:184,0
DA:185,0
DA:188,0
DA:189,0
DA:193,0
DA:194,0
DA:197,0
DA:202,0
DA:208,0
DA:212,0
DA:216,0
DA:220,0
DA:224,0
DA:233,0
DA:234,0
DA:238,0
DA:239,0
DA:240,0
DA:241,0
DA:242,0
DA:244,0
DA:246,0
DA:247,0
DA:252,0
DA:274,0
DA:276,0
DA:278,0
DA:281,0
DA:282,0
DA:286,0
DA:287,0
DA:290,0
DA:291,0
DA:294,0
DA:295,0
DA:298,0
DA:299,0
DA:300,0
DA:302,0
DA:303,0
DA:308,0
DA:309,0
DA:313,0
DA:322,0
DA:323,0
DA:326,0
DA:337,0
DA:341,0
LF:124
LH:0
BRDA:15,0,0,0
BRDA:24,1,0,0
BRDA:24,1,1,0
BRDA:52,2,0,0
BRDA:52,2,1,0
BRDA:92,3,0,0
BRDA:92,3,1,0
BRDA:159,4,0,0
BRDA:160,5,0,0
BRDA:160,5,1,0
BRDA:165,6,0,0
BRDA:165,6,1,0
BRDA:166,7,0,0
BRDA:166,7,1,0
BRDA:167,8,0,0
BRDA:167,8,1,0
BRDA:184,9,0,0
BRDA:184,9,1,0
BRDA:184,10,0,0
BRDA:184,10,1,0
BRDA:192,11,0,0
BRDA:193,12,0,0
BRDA:193,12,1,0
BRDA:211,13,0,0
BRDA:215,14,0,0
BRDA:219,15,0,0
BRDA:240,16,0,0
BRDA:240,16,1,0
BRDA:241,17,0,0
BRDA:241,17,1,0
BRDA:257,18,0,0
BRDA:257,18,1,0
BRDA:281,19,0,0
BRDA:281,19,1,0
BRDA:286,20,0,0
BRDA:286,20,1,0
BRDA:290,21,0,0
BRDA:290,21,1,0
BRDA:294,22,0,0
BRDA:294,22,1,0
BRDA:307,23,0,0
BRDA:308,24,0,0
BRDA:308,24,1,0
BRF:43
BRH:0
end_of_record
TN:
SF:lib/claude-flow/MemorySystem.js
FN:13,(anonymous_0)
FN:46,(anonymous_1)
FN:70,(anonymous_2)
FN:118,(anonymous_3)
FN:157,(anonymous_4)
FN:207,(anonymous_5)
FN:237,(anonymous_6)
FN:264,(anonymous_7)
FN:268,(anonymous_8)
FN:272,(anonymous_9)
FN:283,(anonymous_10)
FN:287,(anonymous_11)
FN:304,(anonymous_12)
FN:312,(anonymous_13)
FN:316,(anonymous_14)
FN:324,(anonymous_15)
FN:356,(anonymous_16)
FN:365,(anonymous_17)
FN:374,(anonymous_18)
FN:375,(anonymous_19)
FN:385,(anonymous_20)
FN:393,(anonymous_21)
FN:406,(anonymous_22)
FN:412,(anonymous_23)
FNF:24
FNH:0
FNDA:0,(anonymous_0)
FNDA:0,(anonymous_1)
FNDA:0,(anonymous_2)
FNDA:0,(anonymous_3)
FNDA:0,(anonymous_4)
FNDA:0,(anonymous_5)
FNDA:0,(anonymous_6)
FNDA:0,(anonymous_7)
FNDA:0,(anonymous_8)
FNDA:0,(anonymous_9)
FNDA:0,(anonymous_10)
FNDA:0,(anonymous_11)
FNDA:0,(anonymous_12)
FNDA:0,(anonymous_13)
FNDA:0,(anonymous_14)
FNDA:0,(anonymous_15)
FNDA:0,(anonymous_16)
FNDA:0,(anonymous_17)
FNDA:0,(anonymous_18)
FNDA:0,(anonymous_19)
FNDA:0,(anonymous_20)
FNDA:0,(anonymous_21)
FNDA:0,(anonymous_22)
FNDA:0,(anonymous_23)
DA:6,0
DA:7,0
DA:8,0
DA:9,0
DA:10,0
DA:14,0
DA:16,0
DA:28,0
DA:29,0
DA:30,0
DA:33,0
DA:42,0
DA:43,0
DA:47,0
DA:49,0
DA:51,0
DA:54,0
DA:57,0
DA:58,0
DA:61,0
DA:62,0
DA:63,0
DA:65,0
DA:66,0
DA:71,0
DA:72,0
DA:74,0
DA:75,0
DA:76,0
DA:87,0
DA:90,0
DA:91,0
DA:93,0
DA:96,0
DA:104,0
DA:105,0
DA:108,0
DA:109,0
DA:111,0
DA:113,0
DA:114,0
DA:119,0
DA:120,0
DA:122,0
DA:123,0
DA:126,0
DA:128,0
DA:129,0
DA:130,0
DA:131,0
DA:132,0
DA:133,0
DA:137,0
DA:138,0
DA:139,0
DA:141,0
DA:142,0
DA:143,0
DA:144,0
DA:145,0
DA:148,0
DA:149,0
DA:150,0
DA:152,0
DA:153,0
DA:158,0
DA:159,0
DA:161,0
DA:168,0
DA:170,0
DA:173,0
DA:174,0
DA:176,0
DA:177,0
DA:188,0
DA:191,0
DA:192,0
DA:195,0
DA:200,0
DA:202,0
DA:203,0
DA:208,0
DA:209,0
DA:212,0
DA:215,0
DA:216,0
DA:220,0
DA:223,0
DA:225,0
DA:226,0
DA:227,0
DA:230,0
DA:232,0
DA:233,0
DA:238,0
DA:239,0
DA:241,0
DA:242,0
DA:243,0
DA:245,0
DA:248,0
DA:249,0
DA:250,0
DA:253,0
DA:256,0
DA:257,0
DA:259,0
DA:260,0
DA:265,0
DA:269,0
DA:273,0
DA:284,0
DA:288,0
DA:289,0
DA:290,0
DA:297,0
DA:298,0
DA:301,0
DA:305,0
DA:306,0
DA:307,0
DA:308,0
DA:313,0
DA:317,0
DA:318,0
DA:319,0
DA:321,0
DA:325,0
DA:326,0
DA:327,0
DA:328,0
DA:329,0
DA:331,0
DA:335,0
DA:336,0
DA:337,0
DA:338,0
DA:339,0
DA:340,0
DA:343,0
DA:344,0
DA:346,0
DA:350,0
DA:352,0
DA:357,0
DA:358,0
DA:359,0
DA:361,0
DA:366,0
DA:367,0
DA:368,0
DA:370,0
DA:375,0
DA:376,0
DA:377,0
DA:378,0
DA:380,0
DA:386,0
DA:387,0
DA:388,0
DA:390,0
DA:394,0
DA:395,0
DA:398,0
DA:399,0
DA:402,0
DA:403,0
DA:407,0
DA:408,0
DA:413,0
DA:417,0
LF:171
LH:0
BRDA:13,0,0,0
BRDA:17,1,0,0
BRDA:17,1,1,0
BRDA:19,2,0,0
BRDA:19,2,1,0
BRDA:20,3,0,0
BRDA:20,3,1,0
BRDA:22,4,0,0
BRDA:22,4,1,0
BRDA:23,5,0,0
BRDA:23,5,1,0
BRDA:47,6,0,0
BRDA:47,6,1,0
BRDA:57,7,0,0
BRDA:57,7,1,0
BRDA:70,8,0,0
BRDA:90,9,0,0
BRDA:90,9,1,0
BRDA:104,10,0,0
BRDA:104,10,1,0
BRDA:118,11,0,0
BRDA:128,12,0,0
BRDA:128,12,1,0
BRDA:138,13,0,0
BRDA:138,13,1,0
BRDA:157,14,0,0
BRDA:163,15,0,0
BRDA:164,16,0,0
BRDA:165,17,0,0
BRDA:166,18,0,0
BRDA:167,19,0,0
BRDA:174,20,0,0
BRDA:174,20,1,0
BRDA:174,21,0,0
BRDA:174,21,1,0
BRDA:176,22,0,0
BRDA:176,22,1,0
BRDA:182,23,0,0
BRDA:182,23,1,0
BRDA:191,24,0,0
BRDA:191,24,1,0
BRDA:207,25,0,0
BRDA:215,26,0,0
BRDA:215,26,1,0
BRDA:225,27,0,0
BRDA:225,27,1,0
BRDA:237,28,0,0
BRDA:239,29,0,0
BRDA:239,29,1,0
BRDA:241,30,0,0
BRDA:241,30,1,0
BRDA:256,31,0,0
BRDA:256,31,1,0
BRDA:268,32,0,0
BRDA:269,33,0,0
BRDA:269,33,1,0
BRDA:278,34,0,0
BRDA:278,34,1,0
BRDA:288,35,0,0
BRDA:288,35,1,0
BRDA:291,36,0,0
BRDA:291,36,1,0
BRDA:291,36,2,0
BRDA:297,37,0,0
BRDA:297,37,1,0
BRDA:306,38,0,0
BRDA:306,38,1,0
BRDA:324,39,0,0
BRDA:326,40,0,0
BRDA:326,40,1,0
BRDA:328,41,0,0
BRDA:328,41,1,0
BRDA:337,42,0,0
BRDA:337,42,1,0
BRDA:343,43,0,0
BRDA:343,43,1,0
BRDA:394,44,0,0
BRDA:394,44,1,0
BRDA:398,45,0,0
BRDA:398,45,1,0
BRDA:406,46,0,0
BRDA:407,47,0,0
BRDA:407,47,1,0
BRF:83
BRH:0
end_of_record
TN:
SF:lib/claude-flow/SessionManager.js
FN:11,(anonymous_0)
FN:28,(anonymous_1)
FN:44,(anonymous_2)
FN:95,(anonymous_3)
FN:111,(anonymous_4)
FN:135,(anonymous_5)
FN:169,(anonymous_6)
FN:212,(anonymous_7)
FN:219,(anonymous_8)
FN:248,(anonymous_9)
FN:274,(anonymous_10)
FN:289,(anonymous_11)
FN:293,(anonymous_12)
FN:294,(anonymous_13)
FN:297,(anonymous_14)
FN:318,(anonymous_15)
FN:319,(anonymous_16)
FN:330,(anonymous_17)
FN:338,(anonymous_18)
FN:359,(anonymous_19)
FN:375,(anonymous_20)
FN:381,(anonymous_21)
FN:388,(anonymous_22)
FN:411,(anonymous_23)
FN:428,(anonymous_24)
FN:434,(anonymous_25)
FNF:26
FNH:0
FNDA:0,(anonymous_0)
FNDA:0,(anonymous_1)
FNDA:0,(anonymous_2)
FNDA:0,(anonymous_3)
FNDA:0,(anonymous_4)
FNDA:0,(anonymous_5)
FNDA:0,(anonymous_6)
FNDA:0,(anonymous_7)
FNDA:0,(anonymous_8)
FNDA:0,(anonymous_9)
FNDA:0,(anonymous_10)
FNDA:0,(anonymous_11)
FNDA:0,(anonymous_12)
FNDA:0,(anonymous_13)
FNDA:0,(anonymous_14)
FNDA:0,(anonymous_15)
FNDA:0,(anonymous_16)
FNDA:0,(anonymous_17)
FNDA:0,(anonymous_18)
FNDA:0,(anonymous_19)
FNDA:0,(anonymous_20)
FNDA:0,(anonymous_21)
FNDA:0,(anonymous_22)
FNDA:0,(anonymous_23)
FNDA:0,(anonymous_24)
FNDA:0,(anonymous_25)
DA:6,0
DA:7,0
DA:8,0
DA:12,0
DA:14,0
DA:22,0
DA:23,0
DA:24,0
DA:25,0
DA:29,0
DA:31,0
DA:33,0
DA:35,0
DA:36,0
DA:37,0
DA:39,0
DA:40,0
DA:45,0
DA:47,0
DA:48,0
DA:51,0
DA:74,0
DA:77,0
DA:80,0
DA:82,0
DA:87,0
DA:88,0
DA:90,0
DA:91,0
DA:96,0
DA:97,0
DA:98,0
DA:102,0
DA:103,0
DA:104,0
DA:105,0
DA:108,0
DA:112,0
DA:113,0
DA:114,0
DA:115,0
DA:119,0
DA:120,0
DA:123,0
DA:125,0
DA:126,0
DA:128,0
DA:130,0
DA:131,0
DA:136,0
DA:137,0
DA:138,0
DA:139,0
DA:143,0
DA:144,0
DA:145,0
DA:148,0
DA:151,0
DA:154,0
DA:156,0
DA:161,0
DA:162,0
DA:164,0
DA:165,0
DA:170,0
DA:171,0
DA:172,0
DA:173,0
DA:176,0
DA:188,0
DA:189,0
DA:192,0
DA:193,0
DA:196,0
DA:198,0
DA:204,0
DA:205,0
DA:207,0
DA:208,0
DA:213,0
DA:214,0
DA:215,0
DA:216,0
DA:219,0
DA:220,0
DA:221,0
DA:225,0
DA:226,0
DA:227,0
DA:230,0
DA:232,0
DA:234,0
DA:240,0
DA:241,0
DA:243,0
DA:244,0
DA:249,0
DA:250,0
DA:251,0
DA:252,0
DA:255,0
DA:264,0
DA:265,0
DA:267,0
DA:269,0
DA:270,0
DA:275,0
DA:276,0
DA:277,0
DA:278,0
DA:281,0
DA:282,0
DA:283,0
DA:285,0
DA:290,0
DA:294,0
DA:298,0
DA:299,0
DA:301,0
DA:302,0
DA:303,0
DA:304,0
DA:308,0
DA:309,0
DA:310,0
DA:313,0
DA:314,0
DA:319,0
DA:320,0
DA:321,0
DA:323,0
DA:327,0
DA:331,0
DA:332,0
DA:333,0
DA:334,0
DA:339,0
DA:341,0
DA:342,0
DA:343,0
DA:345,0
DA:346,0
DA:347,0
DA:348,0
DA:352,0
DA:354,0
DA:355,0
DA:360,0
DA:362,0
DA:364,0
DA:367,0
DA:368,0
DA:371,0
DA:376,0
DA:377,0
DA:382,0
DA:383,0
DA:385,0
DA:389,0
DA:391,0
DA:392,0
DA:393,0
DA:394,0
DA:395,0
DA:396,0
DA:399,0
DA:400,0
DA:405,0
DA:407,0
DA:413,0
DA:414,0
DA:416,0
DA:419,0
DA:420,0
DA:421,0
DA:424,0
DA:425,0
DA:429,0
DA:430,0
DA:435,0
DA:439,0
LF:181
LH:0
BRDA:11,0,0,0
BRDA:15,1,0,0
BRDA:15,1,1,0
BRDA:16,2,0,0
BRDA:16,2,1,0
BRDA:17,3,0,0
BRDA:17,3,1,0
BRDA:18,4,0,0
BRDA:18,4,1,0
BRDA:29,5,0,0
BRDA:29,5,1,0
BRDA:44,6,0,0
BRDA:47,7,0,0
BRDA:47,7,1,0
BRDA:53,8,0,0
BRDA:53,8,1,0
BRDA:54,9,0,0
BRDA:54,9,1,0
BRDA:58,10,0,0
BRDA:58,10,1,0
BRDA:97,11,0,0
BRDA:97,11,1,0
BRDA:103,12,0,0
BRDA:103,12,1,0
BRDA:114,13,0,0
BRDA:114,13,1,0
BRDA:138,14,0,0
BRDA:138,14,1,0
BRDA:169,15,0,0
BRDA:172,16,0,0
BRDA:172,16,1,0
BRDA:192,17,0,0
BRDA:192,17,1,0
BRDA:215,18,0,0
BRDA:215,18,1,0
BRDA:220,19,0,0
BRDA:220,19,1,0
BRDA:251,20,0,0
BRDA:251,20,1,0
BRDA:277,21,0,0
BRDA:277,21,1,0
BRDA:303,22,0,0
BRDA:303,22,1,0
BRDA:303,23,0,0
BRDA:303,23,1,0
BRDA:313,24,0,0
BRDA:313,24,1,0
BRDA:332,25,0,0
BRDA:332,25,1,0
BRDA:339,26,0,0
BRDA:339,26,1,0
BRDA:347,27,0,0
BRDA:347,27,1,0
BRDA:360,28,0,0
BRDA:360,28,1,0
BRDA:360,29,0,0
BRDA:360,29,1,0
BRDA:376,30,0,0
BRDA:376,30,1,0
BRDA:382,31,0,0
BRDA:382,31,1,0
BRDA:389,32,0,0
BRDA:389,32,1,0
BRDA:395,33,0,0
BRDA:395,33,1,0
BRDA:399,34,0,0
BRDA:399,34,1,0
BRDA:428,35,0,0
BRDA:429,36,0,0
BRDA:429,36,1,0
BRF:70
BRH:0
end_of_record
TN:
SF:lib/claude-flow/WorkflowEngine.js
FN:12,(anonymous_0)
FN:32,(anonymous_1)
FN:51,(anonymous_2)
FN:89,(anonymous_3)
FN:100,(anonymous_4)
FN:156,(anonymous_5)
FN:189,(anonymous_6)
FN:212,(anonymous_7)
FN:234,(anonymous_8)
FN:251,(anonymous_9)
FN:268,(anonymous_10)
FN:284,(anonymous_11)
FN:309,(anonymous_12)
FN:319,(anonymous_13)
FN:320,(anonymous_14)
FN:333,(anonymous_15)
FN:348,(anonymous_16)
FN:352,(anonymous_17)
FN:356,(anonymous_18)
FN:360,(anonymous_19)
FN:365,(anonymous_20)
FN:460,(anonymous_21)
FN:481,(anonymous_22)
FN:495,(anonymous_23)
FN:501,(anonymous_24)
FNF:25
FNH:0
FNDA:0,(anonymous_0)
FNDA:0,(anonymous_1)
FNDA:0,(anonymous_2)
FNDA:0,(anonymous_3)
FNDA:0,(anonymous_4)
FNDA:0,(anonymous_5)
FNDA:0,(anonymous_6)
FNDA:0,(anonymous_7)
FNDA:0,(anonymous_8)
FNDA:0,(anonymous_9)
FNDA:0,(anonymous_10)
FNDA:0,(anonymous_11)
FNDA:0,(anonymous_12)
FNDA:0,(anonymous_13)
FNDA:0,(anonymous_14)
FNDA:0,(anonymous_15)
FNDA:0,(anonymous_16)
FNDA:0,(anonymous_17)
FNDA:0,(anonymous_18)
FNDA:0,(anonymous_19)
FNDA:0,(anonymous_20)
FNDA:0,(anonymous_21)
FNDA:0,(anonymous_22)
FNDA:0,(anonymous_23)
FNDA:0,(anonymous_24)
DA:6,0
DA:7,0
DA:8,0
DA:9,0
DA:13,0
DA:15,0
DA:23,0
DA:24,0
DA:26,0
DA:27,0
DA:28,0
DA:29,0
DA:33,0
DA:35,0
DA:37,0
DA:40,0
DA:42,0
DA:43,0
DA:44,0
DA:46,0
DA:47,0
DA:52,0
DA:53,0
DA:54,0
DA:57,0
DA:58,0
DA:59,0
DA:62,0
DA:77,0
DA:78,0
DA:80,0
DA:86,0
DA:89,0
DA:90,0
DA:93,0
DA:95,0
DA:96,0
DA:101,0
DA:102,0
DA:103,0
DA:105,0
DA:106,0
DA:107,0
DA:109,0
DA:118,0
DA:120,0
DA:123,0
DA:124,0
DA:133,0
DA:134,0
DA:135,0
DA:137,0
DA:140,0
DA:141,0
DA:144,0
DA:149,0
DA:152,0
DA:157,0
DA:162,0
DA:164,0
DA:167,0
DA:170,0
DA:173,0
DA:176,0
DA:179,0
DA:182,0
DA:185,0
DA:190,0
DA:193,0
DA:209,0
DA:213,0
DA:215,0
DA:217,0
DA:220,0
DA:221,0
DA:224,0
DA:227,0
DA:230,0
DA:235,0
DA:239,0
DA:248,0
DA:252,0
DA:255,0
DA:265,0
DA:269,0
DA:272,0
DA:281,0
DA:285,0
DA:287,0
DA:288,0
DA:291,0
DA:293,0
DA:296,0
DA:299,0
DA:302,0
DA:305,0
DA:310,0
DA:312,0
DA:313,0
DA:316,0
DA:320,0
DA:322,0
DA:334,0
DA:335,0
DA:336,0
DA:342,0
DA:344,0
DA:345,0
DA:349,0
DA:353,0
DA:357,0
DA:361,0
DA:362,0
DA:367,0
DA:393,0
DA:414,0
DA:437,0
DA:461,0
DA:462,0
DA:463,0
DA:465,0
DA:466,0
DA:467,0
DA:468,0
DA:469,0
DA:470,0
DA:474,0
DA:477,0
DA:483,0
DA:484,0
DA:485,0
DA:486,0
DA:489,0
DA:491,0
DA:492,0
DA:496,0
DA:497,0
DA:502,0
DA:506,0
LF:139
LH:0
BRDA:12,0,0,0
BRDA:16,1,0,0
BRDA:16,1,1,0
BRDA:17,2,0,0
BRDA:17,2,1,0
BRDA:18,3,0,0
BRDA:18,3,1,0
BRDA:19,4,0,0
BRDA:19,4,1,0
BRDA:33,5,0,0
BRDA:33,5,1,0
BRDA:51,6,0,0
BRDA:53,7,0,0
BRDA:53,7,1,0
BRDA:58,8,0,0
BRDA:58,8,1,0
BRDA:102,9,0,0
BRDA:102,9,1,0
BRDA:123,10,0,0
BRDA:123,10,1,0
BRDA:123,11,0,0
BRDA:123,11,1,0
BRDA:140,12,0,0
BRDA:140,12,1,0
BRDA:140,13,0,0
BRDA:140,13,1,0
BRDA:162,14,0,0
BRDA:162,14,1,0
BRDA:162,14,2,0
BRDA:162,14,3,0
BRDA:162,14,4,0
BRDA:162,14,5,0
BRDA:162,14,6,0
BRDA:162,14,7,0
BRDA:215,15,0,0
BRDA:215,15,1,0
BRDA:215,15,2,0
BRDA:215,15,3,0
BRDA:215,15,4,0
BRDA:241,16,0,0
BRDA:241,16,1,0
BRDA:287,17,0,0
BRDA:287,17,1,0
BRDA:291,18,0,0
BRDA:291,18,1,0
BRDA:291,18,2,0
BRDA:291,18,3,0
BRDA:291,18,4,0
BRDA:312,19,0,0
BRDA:312,19,1,0
BRDA:462,20,0,0
BRDA:462,20,1,0
BRDA:466,21,0,0
BRDA:466,21,1,0
BRDA:495,22,0,0
BRDA:496,23,0,0
BRDA:496,23,1,0
BRF:57
BRH:0
end_of_record
TN:
SF:lib/claude-flow/integrations/AuggieIntegration.js
FN:12,(anonymous_0)
FN:43,(anonymous_1)
FN:69,(anonymous_2)
FN:84,(anonymous_3)
FN:94,(anonymous_4)
FN:213,(anonymous_5)
FN:218,(anonymous_6)
FN:244,(anonymous_7)
FN:261,(anonymous_8)
FN:283,(anonymous_9)
FN:321,(anonymous_10)
FN:337,(anonymous_11)
FN:352,(anonymous_12)
FN:368,(anonymous_13)
FN:389,(anonymous_14)
FN:400,(anonymous_15)
FN:413,(anonymous_16)
FN:432,(anonymous_17)
FN:437,(anonymous_18)
FN:443,(anonymous_19)
FNF:20
FNH:0
FNDA:0,(anonymous_0)
FNDA:0,(anonymous_1)
FNDA:0,(anonymous_2)
FNDA:0,(anonymous_3)
FNDA:0,(anonymous_4)
FNDA:0,(anonymous_5)
FNDA:0,(anonymous_6)
FNDA:0,(anonymous_7)
FNDA:0,(anonymous_8)
FNDA:0,(anonymous_9)
FNDA:0,(anonymous_10)
FNDA:0,(anonymous_11)
FNDA:0,(anonymous_12)
FNDA:0,(anonymous_13)
FNDA:0,(anonymous_14)
FNDA:0,(anonymous_15)
FNDA:0,(anonymous_16)
FNDA:0,(anonymous_17)
FNDA:0,(anonymous_18)
FNDA:0,(anonymous_19)
DA:6,0
DA:7,0
DA:8,0
DA:9,0
DA:13,0
DA:15,0
DA:24,0
DA:25,0
DA:26,0
DA:29,0
DA:30,0
DA:31,0
DA:34,0
DA:44,0
DA:46,0
DA:48,0
DA:51,0
DA:54,0
DA:56,0
DA:57,0
DA:62,0
DA:64,0
DA:65,0
DA:70,0
DA:71,0
DA:76,0
DA:77,0
DA:79,0
DA:80,0
DA:86,0
DA:87,0
DA:91,0
DA:98,0
DA:206,0
DA:215,0
DA:219,0
DA:221,0
DA:223,0
DA:225,0
DA:227,0
DA:230,0
DA:233,0
DA:236,0
DA:237,0
DA:240,0
DA:246,0
DA:247,0
DA:250,0
DA:251,0
DA:254,0
DA:255,0
DA:258,0
DA:262,0
DA:264,0
DA:265,0
DA:268,0
DA:270,0
DA:273,0
DA:276,0
DA:279,0
DA:284,0
DA:286,0
DA:287,0
DA:291,0
DA:292,0
DA:294,0
DA:295,0
DA:301,0
DA:302,0
DA:304,0
DA:310,0
DA:317,0
DA:322,0
DA:323,0
DA:325,0
DA:327,0
DA:329,0
DA:331,0
DA:333,0
DA:339,0
DA:345,0
DA:354,0
DA:361,0
DA:369,0
DA:371,0
DA:372,0
DA:374,0
DA:375,0
DA:377,0
DA:378,0
DA:380,0
DA:381,0
DA:386,0
DA:390,0
DA:401,0
DA:402,0
DA:405,0
DA:414,0
DA:425,0
DA:426,0
DA:429,0
DA:433,0
DA:434,0
DA:438,0
DA:439,0
DA:444,0
DA:448,0
LF:107
LH:0
BRDA:12,0,0,0
BRDA:17,1,0,0
BRDA:17,1,1,0
BRDA:18,2,0,0
BRDA:18,2,1,0
BRDA:19,3,0,0
BRDA:19,3,1,0
BRDA:20,4,0,0
BRDA:20,4,1,0
BRDA:44,5,0,0
BRDA:44,5,1,0
BRDA:86,6,0,0
BRDA:86,6,1,0
BRDA:218,7,0,0
BRDA:225,8,0,0
BRDA:225,8,1,0
BRDA:225,8,2,0
BRDA:246,9,0,0
BRDA:246,9,1,0
BRDA:246,10,0,0
BRDA:246,10,1,0
BRDA:250,11,0,0
BRDA:250,11,1,0
BRDA:250,12,0,0
BRDA:250,12,1,0
BRDA:254,13,0,0
BRDA:254,13,1,0
BRDA:254,14,0,0
BRDA:254,14,1,0
BRDA:264,15,0,0
BRDA:264,15,1,0
BRDA:268,16,0,0
BRDA:268,16,1,0
BRDA:268,16,2,0
BRDA:268,16,3,0
BRDA:286,17,0,0
BRDA:286,17,1,0
BRDA:301,18,0,0
BRDA:301,18,1,0
BRDA:302,19,0,0
BRDA:302,19,1,0
BRDA:307,20,0,0
BRDA:307,20,1,0
BRDA:325,21,0,0
BRDA:325,21,1,0
BRDA:325,21,2,0
BRDA:325,21,3,0
BRDA:363,22,0,0
BRDA:363,22,1,0
BRDA:372,23,0,0
BRDA:372,23,1,0
BRDA:401,24,0,0
BRDA:401,24,1,0
BRDA:425,25,0,0
BRDA:425,25,1,0
BRDA:425,26,0,0
BRDA:425,26,1,0
BRDA:437,27,0,0
BRDA:438,28,0,0
BRDA:438,28,1,0
BRF:60
BRH:0
end_of_record
TN:
SF:lib/claude-flow/monitoring/AnalyticsSystem.js
FN:12,(anonymous_0)
FN:82,(anonymous_1)
FN:107,(anonymous_2)
FN:122,(anonymous_3)
FN:143,(anonymous_4)
FN:162,(anonymous_5)
FN:183,(anonymous_6)
FN:199,(anonymous_7)
FN:235,(anonymous_8)
FN:260,(anonymous_9)
FN:274,(anonymous_10)
FN:277,(anonymous_11)
FN:282,(anonymous_12)
FN:292,(anonymous_13)
FN:312,(anonymous_14)
FN:329,(anonymous_15)
FN:354,(anonymous_16)
FN:355,(anonymous_17)
FN:361,(anonymous_18)
FN:368,(anonymous_19)
FN:393,(anonymous_20)
FN:423,(anonymous_21)
FN:439,(anonymous_22)
FN:456,(anonymous_23)
FN:459,(anonymous_24)
FN:465,(anonymous_25)
FN:488,(anonymous_26)
FN:498,(anonymous_27)
FN:504,(anonymous_28)
FNF:29
FNH:0
FNDA:0,(anonymous_0)
FNDA:0,(anonymous_1)
FNDA:0,(anonymous_2)
FNDA:0,(anonymous_3)
FNDA:0,(anonymous_4)
FNDA:0,(anonymous_5)
FNDA:0,(anonymous_6)
FNDA:0,(anonymous_7)
FNDA:0,(anonymous_8)
FNDA:0,(anonymous_9)
FNDA:0,(anonymous_10)
FNDA:0,(anonymous_11)
FNDA:0,(anonymous_12)
FNDA:0,(anonymous_13)
FNDA:0,(anonymous_14)
FNDA:0,(anonymous_15)
FNDA:0,(anonymous_16)
FNDA:0,(anonymous_17)
FNDA:0,(anonymous_18)
FNDA:0,(anonymous_19)
FNDA:0,(anonymous_20)
FNDA:0,(anonymous_21)
FNDA:0,(anonymous_22)
FNDA:0,(anonymous_23)
FNDA:0,(anonymous_24)
FNDA:0,(anonymous_25)
FNDA:0,(anonymous_26)
FNDA:0,(anonymous_27)
FNDA:0,(anonymous_28)
DA:6,0
DA:7,0
DA:8,0
DA:9,0
DA:13,0
DA:15,0
DA:26,0
DA:72,0
DA:73,0
DA:76,0
DA:77,0
DA:79,0
DA:83,0
DA:85,0
DA:87,0
DA:90,0
DA:93,0
DA:94,0
DA:97,0
DA:98,0
DA:99,0
DA:101,0
DA:102,0
DA:108,0
DA:110,0
DA:111,0
DA:113,0
DA:119,0
DA:123,0
DA:125,0
DA:126,0
DA:128,0
DA:129,0
DA:130,0
DA:133,0
DA:140,0
DA:144,0
DA:146,0
DA:149,0
DA:150,0
DA:152,0
DA:159,0
DA:163,0
DA:165,0
DA:167,0
DA:168,0
DA:169,0
DA:172,0
DA:180,0
DA:184,0
DA:186,0
DA:187,0
DA:189,0
DA:196,0
DA:200,0
DA:202,0
DA:204,0
DA:206,0
DA:207,0
DA:209,0
DA:210,0
DA:212,0
DA:213,0
DA:214,0
DA:217,0
DA:219,0
DA:220,0
DA:223,0
DA:225,0
DA:236,0
DA:238,0
DA:241,0
DA:242,0
DA:243,0
DA:246,0
DA:247,0
DA:249,0
DA:257,0
DA:261,0
DA:263,0
DA:266,0
DA:267,0
DA:271,0
DA:275,0
DA:277,0
DA:279,0
DA:280,0
DA:281,0
DA:282,0
DA:285,0
DA:286,0
DA:288,0
DA:289,0
DA:293,0
DA:294,0
DA:297,0
DA:298,0
DA:299,0
DA:300,0
DA:303,0
DA:307,0
DA:308,0
DA:313,0
DA:319,0
DA:322,0
DA:323,0
DA:326,0
DA:330,0
DA:332,0
DA:333,0
DA:334,0
DA:337,0
DA:338,0
DA:340,0
DA:341,0
DA:342,0
DA:345,0
DA:346,0
DA:348,0
DA:350,0
DA:355,0
DA:356,0
DA:357,0
DA:362,0
DA:363,0
DA:364,0
DA:369,0
DA:370,0
DA:371,0
DA:386,0
DA:387,0
DA:389,0
DA:394,0
DA:395,0
DA:397,0
DA:398,0
DA:401,0
DA:404,0
DA:405,0
DA:408,0
DA:409,0
DA:412,0
DA:413,0
DA:416,0
DA:419,0
DA:424,0
DA:440,0
DA:442,0
DA:456,0
DA:459,0
DA:466,0
DA:468,0
DA:469,0
DA:471,0
DA:472,0
DA:473,0
DA:474,0
DA:475,0
DA:476,0
DA:477,0
DA:478,0
DA:484,0
DA:489,0
DA:490,0
DA:491,0
DA:492,0
DA:494,0
DA:495,0
DA:499,0
DA:500,0
DA:505,0
DA:509,0
LF:172
LH:0
BRDA:12,0,0,0
BRDA:17,1,0,0
BRDA:17,1,1,0
BRDA:18,2,0,0
BRDA:18,2,1,0
BRDA:19,3,0,0
BRDA:19,3,1,0
BRDA:20,4,0,0
BRDA:20,4,1,0
BRDA:21,5,0,0
BRDA:21,5,1,0
BRDA:83,6,0,0
BRDA:83,6,1,0
BRDA:93,7,0,0
BRDA:93,7,1,0
BRDA:108,8,0,0
BRDA:108,8,1,0
BRDA:123,9,0,0
BRDA:123,9,1,0
BRDA:144,10,0,0
BRDA:144,10,1,0
BRDA:149,11,0,0
BRDA:149,11,1,0
BRDA:163,12,0,0
BRDA:163,12,1,0
BRDA:184,13,0,0
BRDA:184,13,1,0
BRDA:193,14,0,0
BRDA:193,14,1,0
BRDA:199,15,0,0
BRDA:199,16,0,0
BRDA:200,17,0,0
BRDA:200,17,1,0
BRDA:204,18,0,0
BRDA:204,18,1,0
BRDA:204,18,2,0
BRDA:210,19,0,0
BRDA:210,19,1,0
BRDA:215,20,0,0
BRDA:215,20,1,0
BRDA:235,21,0,0
BRDA:236,22,0,0
BRDA:236,22,1,0
BRDA:241,23,0,0
BRDA:241,23,1,0
BRDA:242,24,0,0
BRDA:242,24,1,0
BRDA:246,25,0,0
BRDA:246,25,1,0
BRDA:261,26,0,0
BRDA:261,26,1,0
BRDA:261,27,0,0
BRDA:261,27,1,0
BRDA:266,28,0,0
BRDA:266,28,1,0
BRDA:275,29,0,0
BRDA:275,29,1,0
BRDA:288,30,0,0
BRDA:288,30,1,0
BRDA:289,31,0,0
BRDA:289,31,1,0
BRDA:299,32,0,0
BRDA:299,32,1,0
BRDA:322,33,0,0
BRDA:322,33,1,0
BRDA:330,34,0,0
BRDA:330,34,1,0
BRDA:341,35,0,0
BRDA:341,35,1,0
BRDA:362,36,0,0
BRDA:362,36,1,0
BRDA:397,37,0,0
BRDA:397,37,1,0
BRDA:404,38,0,0
BRDA:404,38,1,0
BRDA:408,39,0,0
BRDA:408,39,1,0
BRDA:412,40,0,0
BRDA:412,40,1,0
BRDA:447,41,0,0
BRDA:447,41,1,0
BRDA:449,42,0,0
BRDA:449,42,1,0
BRDA:472,43,0,0
BRDA:472,43,1,0
BRDA:472,44,0,0
BRDA:472,44,1,0
BRDA:474,45,0,0
BRDA:474,45,1,0
BRDA:476,46,0,0
BRDA:476,46,1,0
BRDA:498,47,0,0
BRDA:499,48,0,0
BRDA:499,48,1,0
BRF:94
BRH:0
end_of_record
